#
# A fatal error has been detected by the Java Runtime Environment:
#
#  EXCEPTION_ACCESS_VIOLATION (0xc0000005) at pc=0x00000000502cec73, pid=35388, tid=0x0000000000008ce8
#
# JRE version: Java(TM) SE Runtime Environment (8.0_271-b09) (build 1.8.0_271-b09)
# Java VM: Java HotSpot(TM) 64-Bit Server VM (25.271-b09 mixed mode windows-amd64 compressed oops)
# Problematic frame:
# V  [jvm.dll+0xcec73]
#
# Failed to write core dump. Minidumps are not enabled by default on client versions of Windows
#
# If you would like to submit a bug report, please visit:
#   http://bugreport.java.com/bugreport/crash.jsp
#

---------------  T H R E A D  ---------------

Current thread (0x0000025d982d8800):  JavaThread "JavaFX Application Thread" [_thread_in_vm, id=36072, stack(0x000000c2a5100000,0x000000c2a5200000)]

siginfo: ExceptionCode=0xc0000005, reading address 0x0000000000000008

Registers:
RAX=0x0000000000000000, RBX=0x000000c2a51fc588, RCX=0x000000c2a51fc5b8, RDX=0x000000c2a51fc588
RSP=0x000000c2a51fc510, RBP=0x000000c2a51fc640, RSI=0x0000000000000000, RDI=0x000000c2a51fc5b8
R8 =0x0000025d983492e8, R9 =0x0000000000000001, R10=0x0000000000000000, R11=0x0000000000000246
R12=0x0000025d97ee2b70, R13=0x000000c2a51fc710, R14=0x0000025d982d8800, R15=0x0000025d982b5a80
RIP=0x00000000502cec73, EFLAGS=0x0000000000010202

Top of Stack: (sp=0x000000c2a51fc510)
0x000000c2a51fc510:   0000000000000000 0000000000000000
0x000000c2a51fc520:   0000000000000070 ffffffffffffffff
0x000000c2a51fc530:   0000000000000000 0000000050371d18
0x000000c2a51fc540:   00000000507db678 ffffffff00000001
0x000000c2a51fc550:   00007ff855d8cba0 0000000000000000
0x000000c2a51fc560:   0000000000000048 ffffffff00000001
0x000000c2a51fc570:   0000000000000002 0000000000000000
0x000000c2a51fc580:   000000c2a51fc740 0000000000000000
0x000000c2a51fc590:   0000000000000000 0000025d982d89f8
0x000000c2a51fc5a0:   00000000000003d8 0000025d97ee2b80
0x000000c2a51fc5b0:   0000025d97ee2f58 0000000000000000
0x000000c2a51fc5c0:   0000000000000000 0000000000000000
0x000000c2a51fc5d0:   0000000040000000 0000000080000000
0x000000c2a51fc5e0:   00000000c0000388 00007ff854e4e36c
0x000000c2a51fc5f0:   0000000000000000 00007ff855d8cba0
0x000000c2a51fc600:   00000000001f036a 0000025d98202310 

Instructions: (pc=0x00000000502cec73)
0x00000000502cec53:   48 8d 0d 06 53 70 00 48 89 14 c1 c3 cc 48 89 5c
0x00000000502cec63:   24 08 57 48 83 ec 20 48 8b 02 48 8b da 48 8b f9
0x00000000502cec73:   48 8b 50 08 0f b7 42 24 48 8b 52 08 48 8b 54 c2
0x00000000502cec83:   50 e8 d7 02 17 00 48 8d 4f 30 48 8b d3 48 8d 05 


Register to memory mapping:

RAX=0x0000000000000000 is an unknown value
RBX=0x000000c2a51fc588 is pointing into the stack for thread: 0x0000025d982d8800
RCX=0x000000c2a51fc5b8 is pointing into the stack for thread: 0x0000025d982d8800
RDX=0x000000c2a51fc588 is pointing into the stack for thread: 0x0000025d982d8800
RSP=0x000000c2a51fc510 is pointing into the stack for thread: 0x0000025d982d8800
RBP=0x000000c2a51fc640 is pointing into the stack for thread: 0x0000025d982d8800
RSI=0x0000000000000000 is an unknown value
RDI=0x000000c2a51fc5b8 is pointing into the stack for thread: 0x0000025d982d8800
R8 =0x0000025d983492e8 is a global jni handle
R9 =0x0000000000000001 is an unknown value
R10=0x0000000000000000 is an unknown value
R11=0x0000000000000246 is an unknown value
R12=0x0000025d97ee2b70 is an unknown value
R13=0x000000c2a51fc710 is pointing into the stack for thread: 0x0000025d982d8800
R14=0x0000025d982d8800 is a thread
R15=0x0000025d982b5a80 is an unknown value


Stack: [0x000000c2a5100000,0x000000c2a5200000],  sp=0x000000c2a51fc510,  free space=1009k
Native frames: (J=compiled Java code, j=interpreted, Vv=VM code, C=native code)
V  [jvm.dll+0xcec73]
V  [jvm.dll+0x171d18]
V  [jvm.dll+0x15e28b]
C  [glass.dll+0x500c]
C  [glass.dll+0xa249]
C  [glass.dll+0x17a8]
C  [USER32.dll+0xe7e8]
C  [USER32.dll+0xddab]
C  [USER32.dll+0xd61a]
C  [glass.dll+0x196c7]
C  0x0000025d80019f4e

Java frames: (J=compiled Java code, j=interpreted, Vv=VM code)
j  com.sun.glass.ui.win.WinView._exitFullscreen(JZ)V+0
j  com.sun.glass.ui.View.exitFullscreen(Z)V+13
j  com.sun.javafx.tk.quantum.WindowStage.applyFullScreen()V+322
j  com.sun.javafx.tk.quantum.WindowStage.setFullScreen(Z)V+50
j  com.sun.javafx.tk.quantum.WindowStage.exitFullScreen()V+2
j  com.sun.javafx.tk.quantum.WindowStage.setScene(Lcom/sun/javafx/tk/TKScene;)V+12
j  javafx.stage.Window$SceneModel.updatePeerScene(Lcom/sun/javafx/tk/TKScene;)V+18
j  javafx.stage.Window$SceneModel.invalidated()V+35
J 2263 C1 javafx.beans.property.ObjectPropertyBase.set(Ljava/lang/Object;)V (110 bytes) @ 0x0000025d806e0584 [0x0000025d806dfe60+0x724]
j  javafx.stage.Window.setScene(Ljavafx/scene/Scene;)V+5
j  javafx.stage.Stage.setScene(Ljavafx/scene/Scene;)V+8
j  controller.GameController.lose()V+193
j  controller.GameController.lambda$startBombAnimation$1(Ljava/util/concurrent/atomic/AtomicInteger;Ljavafx/scene/image/ImageView;Ljavafx/event/ActionEvent;)V+140
j  controller.GameController$$Lambda$251.handle(Ljavafx/event/Event;)V+16
j  com.sun.scenario.animation.shared.TimelineClipCore.visitKeyFrame(IJ)V+58
J 2092 C1 com.sun.scenario.animation.shared.TimelineClipCore.playTo(J)V (353 bytes) @ 0x0000025d8062b424 [0x0000025d8062b100+0x324]
J 2091 C1 javafx.animation.Timeline.impl_playTo(JJ)V (9 bytes) @ 0x0000025d8062ca9c [0x0000025d8062ca00+0x9c]
J 1655 C1 javafx.animation.AnimationAccessorImpl.playTo(Ljavafx/animation/Animation;JJ)V (8 bytes) @ 0x0000025d8052be94 [0x0000025d8052bd80+0x114]
J 3654 C1 com.sun.scenario.animation.shared.FiniteClipEnvelope.timePulse(J)V (372 bytes) @ 0x0000025d804aa944 [0x0000025d804aa360+0x5e4]
J 1654 C1 javafx.animation.Animation.impl_timePulse(J)V (60 bytes) @ 0x0000025d8052b9ac [0x0000025d8052b720+0x28c]
J 1840 C1 javafx.animation.Animation$1$$Lambda$203.run()Ljava/lang/Object; (12 bytes) @ 0x0000025d805924dc [0x0000025d80592380+0x15c]
v  ~StubRoutines::call_stub
J 1475  java.security.AccessController.doPrivileged(Ljava/security/PrivilegedAction;Ljava/security/AccessControlContext;)Ljava/lang/Object; (0 bytes) @ 0x0000025d804e12a6 [0x0000025d804e1240+0x66]
J 1767 C1 javafx.animation.Animation$1.timePulse(J)V (56 bytes) @ 0x0000025d8055ed34 [0x0000025d8055e540+0x7f4]
J 2200 C1 com.sun.scenario.animation.AbstractMasterTimer.timePulseImpl(J)V (157 bytes) @ 0x0000025d80693ae4 [0x0000025d80693900+0x1e4]
J 2197 C1 com.sun.scenario.animation.AbstractMasterTimer$MainLoop.run()V (61 bytes) @ 0x0000025d80694a6c [0x0000025d80694760+0x30c]
J 1875 C1 com.sun.javafx.tk.quantum.QuantumToolkit.pulse(Z)V (152 bytes) @ 0x0000025d805a1b54 [0x0000025d805a0c60+0xef4]
J 1881 C1 com.sun.javafx.tk.quantum.QuantumToolkit$$Lambda$42.run()V (8 bytes) @ 0x0000025d805a5a04 [0x0000025d805a5720+0x2e4]
J 2626 C1 com.sun.glass.ui.InvokeLaterDispatcher$Future.run()V (91 bytes) @ 0x0000025d8012db54 [0x0000025d8012da40+0x114]
v  ~StubRoutines::call_stub
j  com.sun.glass.ui.win.WinApplication._runLoop(Ljava/lang/Runnable;)V+0
j  com.sun.glass.ui.win.WinApplication.lambda$null$4(ILjava/lang/Runnable;)V+8
j  com.sun.glass.ui.win.WinApplication$$Lambda$38.run()V+12
j  java.lang.Thread.run()V+11
v  ~StubRoutines::call_stub

---------------  P R O C E S S  ---------------

Java Threads: ( => current thread )
  0x0000025d97e7e000 JavaThread "Thread-4" [_thread_in_native, id=28756, stack(0x000000c2a6000000,0x000000c2a6100000)]
  0x0000025d9d583000 JavaThread "Prism Font Disposer" daemon [_thread_blocked, id=31868, stack(0x000000c2a5a00000,0x000000c2a5b00000)]
  0x0000025d984ef000 JavaThread "Thread-3" daemon [_thread_in_native, id=24512, stack(0x000000c2a5500000,0x000000c2a5600000)]
  0x0000025d985b3800 JavaThread "JavaFX-Launcher" [_thread_blocked, id=33596, stack(0x000000c2a5600000,0x000000c2a5700000)]
=>0x0000025d982d8800 JavaThread "JavaFX Application Thread" [_thread_in_vm, id=36072, stack(0x000000c2a5100000,0x000000c2a5200000)]
  0x0000025d982d3000 JavaThread "Thread-1" daemon [_thread_blocked, id=19492, stack(0x000000c2a5000000,0x000000c2a5100000)]
  0x0000025d9827e000 JavaThread "QuantumRenderer-0" daemon [_thread_blocked, id=24344, stack(0x000000c2a4f00000,0x000000c2a5000000)]
  0x0000025d97f33800 JavaThread "Service Thread" daemon [_thread_blocked, id=31912, stack(0x000000c2a4d00000,0x000000c2a4e00000)]
  0x0000025d97e9b000 JavaThread "C1 CompilerThread3" daemon [_thread_blocked, id=804, stack(0x000000c2a4c00000,0x000000c2a4d00000)]
  0x0000025d97e97800 JavaThread "C2 CompilerThread2" daemon [_thread_blocked, id=10956, stack(0x000000c2a4b00000,0x000000c2a4c00000)]
  0x0000025d97e96800 JavaThread "C2 CompilerThread1" daemon [_thread_blocked, id=35508, stack(0x000000c2a4a00000,0x000000c2a4b00000)]
  0x0000025d97e94000 JavaThread "C2 CompilerThread0" daemon [_thread_blocked, id=5176, stack(0x000000c2a4900000,0x000000c2a4a00000)]
  0x0000025dfea2e000 JavaThread "Monitor Ctrl-Break" daemon [_thread_in_native, id=6936, stack(0x000000c2a4800000,0x000000c2a4900000)]
  0x0000025dfe9f8000 JavaThread "Attach Listener" daemon [_thread_blocked, id=22084, stack(0x000000c2a4700000,0x000000c2a4800000)]
  0x0000025dfe9f7000 JavaThread "Signal Dispatcher" daemon [_thread_blocked, id=31768, stack(0x000000c2a4600000,0x000000c2a4700000)]
  0x0000025dfe9cd000 JavaThread "Finalizer" daemon [_thread_blocked, id=32540, stack(0x000000c2a4500000,0x000000c2a4600000)]
  0x0000025dfe9c5000 JavaThread "Reference Handler" daemon [_thread_blocked, id=30176, stack(0x000000c2a4400000,0x000000c2a4500000)]
  0x0000025dfab79000 JavaThread "main" [_thread_blocked, id=30804, stack(0x000000c2a3800000,0x000000c2a3900000)]

Other Threads:
  0x0000025dfe99b800 VMThread [stack: 0x000000c2a4300000,0x000000c2a4400000] [id=17644]
  0x0000025d97f6b000 WatcherThread [stack: 0x000000c2a4e00000,0x000000c2a4f00000] [id=37752]

VM state:not at safepoint (normal execution)

VM Mutex/Monitor currently owned by a thread: None

heap address: 0x00000006c2800000, size: 4056 MB, Compressed Oops mode: Zero based, Oop shift amount: 3
Narrow klass base: 0x0000000000000000, Narrow klass shift: 3
Compressed class space size: 1073741824 Address: 0x00000007c0000000

Heap:
 PSYoungGen      total 138240K, used 64676K [0x000000076b800000, 0x0000000774c00000, 0x00000007c0000000)
  eden space 127488K, 42% used [0x000000076b800000,0x000000076ecaf4f8,0x0000000773480000)
  from space 10752K, 99% used [0x0000000774180000,0x0000000774bf9b58,0x0000000774c00000)
  to   space 10752K, 0% used [0x0000000773700000,0x0000000773700000,0x0000000774180000)
 ParOldGen       total 149504K, used 34286K [0x00000006c2800000, 0x00000006cba00000, 0x000000076b800000)
  object space 149504K, 22% used [0x00000006c2800000,0x00000006c497b820,0x00000006cba00000)
 Metaspace       used 23583K, capacity 24576K, committed 24832K, reserved 1071104K
  class space    used 3073K, capacity 3291K, committed 3328K, reserved 1048576K

Card table byte_map: [0x0000025dfca00000,0x0000025dfd1f0000] byte_map_base: 0x0000025df93ec000

Marking Bits: (ParMarkBitMap*) 0x00000000509f7fe0
 Begin Bits: [0x0000025d8f000000, 0x0000025d92f60000)
 End Bits:   [0x0000025d92f60000, 0x0000025d96ec0000)

Polling page: 0x0000025dfadb0000

CodeCache: size=245760Kb used=11839Kb max_used=11854Kb free=233920Kb
 bounds [0x0000025d80000000, 0x0000025d80bb0000, 0x0000025d8f000000]
 total_blobs=4328 nmethods=3614 adapters=626
 compilation: enabled

Compilation events (10 events):
Event: 32.839 Thread 0x0000025d97e9b000 3904  s    3       com.sun.javafx.text.ScriptMapper::getScript (108 bytes)
Event: 32.839 Thread 0x0000025d97e97800 3907       4       com.sun.prism.BasicStroke::computeMiter (90 bytes)
Event: 32.839 Thread 0x0000025d97e9b000 nmethod 3904 0x0000025d8018bc10 code [0x0000025d8018bda0, 0x0000025d8018c438]
Event: 32.839 Thread 0x0000025d97e9b000 3903       3       sun.text.normalizer.UTF16::charAt (116 bytes)
Event: 32.840 Thread 0x0000025d97e9b000 nmethod 3903 0x0000025d804e5750 code [0x0000025d804e5920, 0x0000025d804e60f0]
Event: 32.840 Thread 0x0000025d97e9b000 3906       3       com.sun.prism.BasicStroke::accumulateOrdered (59 bytes)
Event: 32.840 Thread 0x0000025d97e9b000 nmethod 3906 0x0000025d80296a50 code [0x0000025d80296bc0, 0x0000025d80296f98]
Event: 32.840 Thread 0x0000025d97e97800 nmethod 3907 0x0000025d803a1290 code [0x0000025d803a13c0, 0x0000025d803a14d8]
Event: 32.877 Thread 0x0000025d97e96800 3908       4       com.sun.javafx.iio.png.PNGImageLoader2::loadMip (269 bytes)
Event: 32.891 Thread 0x0000025d97e96800 nmethod 3908 0x0000025d805e33d0 code [0x0000025d805e3580, 0x0000025d805e4288]

GC Heap History (10 events):
Event: 3.070 GC heap before
{Heap before GC invocations=1 (full 0):
 PSYoungGen      total 75776K, used 63918K [0x000000076b800000, 0x0000000770c80000, 0x00000007c0000000)
  eden space 65024K, 98% used [0x000000076b800000,0x000000076f66b8e0,0x000000076f780000)
  from space 10752K, 0% used [0x0000000770200000,0x0000000770200000,0x0000000770c80000)
  to   space 10752K, 0% used [0x000000076f780000,0x000000076f780000,0x0000000770200000)
 ParOldGen       total 173568K, used 0K [0x00000006c2800000, 0x00000006cd180000, 0x000000076b800000)
  object space 173568K, 0% used [0x00000006c2800000,0x00000006c2800000,0x00000006cd180000)
 Metaspace       used 16717K, capacity 17440K, committed 17792K, reserved 1064960K
  class space    used 2414K, capacity 2592K, committed 2688K, reserved 1048576K
Event: 3.078 GC heap after
Heap after GC invocations=1 (full 0):
 PSYoungGen      total 75776K, used 10745K [0x000000076b800000, 0x0000000770c80000, 0x00000007c0000000)
  eden space 65024K, 0% used [0x000000076b800000,0x000000076b800000,0x000000076f780000)
  from space 10752K, 99% used [0x000000076f780000,0x00000007701fe6c0,0x0000000770200000)
  to   space 10752K, 0% used [0x0000000770200000,0x0000000770200000,0x0000000770c80000)
 ParOldGen       total 173568K, used 9137K [0x00000006c2800000, 0x00000006cd180000, 0x000000076b800000)
  object space 173568K, 5% used [0x00000006c2800000,0x00000006c30ec598,0x00000006cd180000)
 Metaspace       used 16717K, capacity 17440K, committed 17792K, reserved 1064960K
  class space    used 2414K, capacity 2592K, committed 2688K, reserved 1048576K
}
Event: 10.588 GC heap before
{Heap before GC invocations=2 (full 0):
 PSYoungGen      total 75776K, used 75769K [0x000000076b800000, 0x0000000770c80000, 0x00000007c0000000)
  eden space 65024K, 100% used [0x000000076b800000,0x000000076f780000,0x000000076f780000)
  from space 10752K, 99% used [0x000000076f780000,0x00000007701fe6c0,0x0000000770200000)
  to   space 10752K, 0% used [0x0000000770200000,0x0000000770200000,0x0000000770c80000)
 ParOldGen       total 173568K, used 9137K [0x00000006c2800000, 0x00000006cd180000, 0x000000076b800000)
  object space 173568K, 5% used [0x00000006c2800000,0x00000006c30ec598,0x00000006cd180000)
 Metaspace       used 19975K, capacity 20856K, committed 20992K, reserved 1067008K
  class space    used 2730K, capacity 2951K, committed 3072K, reserved 1048576K
Event: 10.605 GC heap after
Heap after GC invocations=2 (full 0):
 PSYoungGen      total 75776K, used 10737K [0x000000076b800000, 0x0000000770c80000, 0x00000007c0000000)
  eden space 65024K, 0% used [0x000000076b800000,0x000000076b800000,0x000000076f780000)
  from space 10752K, 99% used [0x0000000770200000,0x0000000770c7c738,0x0000000770c80000)
  to   space 10752K, 0% used [0x000000076f780000,0x000000076f780000,0x0000000770200000)
 ParOldGen       total 173568K, used 48571K [0x00000006c2800000, 0x00000006cd180000, 0x000000076b800000)
  object space 173568K, 27% used [0x00000006c2800000,0x00000006c576ec48,0x00000006cd180000)
 Metaspace       used 19975K, capacity 20856K, committed 20992K, reserved 1067008K
  class space    used 2730K, capacity 2951K, committed 3072K, reserved 1048576K
}
Event: 10.623 GC heap before
{Heap before GC invocations=3 (full 0):
 PSYoungGen      total 75776K, used 12928K [0x000000076b800000, 0x0000000770c80000, 0x00000007c0000000)
  eden space 65024K, 3% used [0x000000076b800000,0x000000076ba23be8,0x000000076f780000)
  from space 10752K, 99% used [0x0000000770200000,0x0000000770c7c738,0x0000000770c80000)
  to   space 10752K, 0% used [0x000000076f780000,0x000000076f780000,0x0000000770200000)
 ParOldGen       total 173568K, used 48571K [0x00000006c2800000, 0x00000006cd180000, 0x000000076b800000)
  object space 173568K, 27% used [0x00000006c2800000,0x00000006c576ec48,0x00000006cd180000)
 Metaspace       used 20318K, capacity 21144K, committed 21248K, reserved 1067008K
  class space    used 2755K, capacity 2983K, committed 3072K, reserved 1048576K
Event: 10.628 GC heap after
Heap after GC invocations=3 (full 0):
 PSYoungGen      total 75776K, used 10733K [0x000000076b800000, 0x0000000774c00000, 0x00000007c0000000)
  eden space 65024K, 0% used [0x000000076b800000,0x000000076b800000,0x000000076f780000)
  from space 10752K, 99% used [0x000000076f780000,0x00000007701fb650,0x0000000770200000)
  to   space 10752K, 0% used [0x0000000774180000,0x0000000774180000,0x0000000774c00000)
 ParOldGen       total 173568K, used 48945K [0x00000006c2800000, 0x00000006cd180000, 0x000000076b800000)
  object space 173568K, 28% used [0x00000006c2800000,0x00000006c57cc4f8,0x00000006cd180000)
 Metaspace       used 20318K, capacity 21144K, committed 21248K, reserved 1067008K
  class space    used 2755K, capacity 2983K, committed 3072K, reserved 1048576K
}
Event: 10.628 GC heap before
{Heap before GC invocations=4 (full 1):
 PSYoungGen      total 75776K, used 10733K [0x000000076b800000, 0x0000000774c00000, 0x00000007c0000000)
  eden space 65024K, 0% used [0x000000076b800000,0x000000076b800000,0x000000076f780000)
  from space 10752K, 99% used [0x000000076f780000,0x00000007701fb650,0x0000000770200000)
  to   space 10752K, 0% used [0x0000000774180000,0x0000000774180000,0x0000000774c00000)
 ParOldGen       total 173568K, used 48945K [0x00000006c2800000, 0x00000006cd180000, 0x000000076b800000)
  object space 173568K, 28% used [0x00000006c2800000,0x00000006c57cc4f8,0x00000006cd180000)
 Metaspace       used 20318K, capacity 21144K, committed 21248K, reserved 1067008K
  class space    used 2755K, capacity 2983K, committed 3072K, reserved 1048576K
Event: 10.651 GC heap after
Heap after GC invocations=4 (full 1):
 PSYoungGen      total 75776K, used 0K [0x000000076b800000, 0x0000000774c00000, 0x00000007c0000000)
  eden space 65024K, 0% used [0x000000076b800000,0x000000076b800000,0x000000076f780000)
  from space 10752K, 0% used [0x000000076f780000,0x000000076f780000,0x0000000770200000)
  to   space 10752K, 0% used [0x0000000774180000,0x0000000774180000,0x0000000774c00000)
 ParOldGen       total 149504K, used 33931K [0x00000006c2800000, 0x00000006cba00000, 0x000000076b800000)
  object space 149504K, 22% used [0x00000006c2800000,0x00000006c4922f38,0x00000006cba00000)
 Metaspace       used 20318K, capacity 21144K, committed 21248K, reserved 1067008K
  class space    used 2755K, capacity 2983K, committed 3072K, reserved 1048576K
}
Event: 28.684 GC heap before
{Heap before GC invocations=5 (full 1):
 PSYoungGen      total 75776K, used 64766K [0x000000076b800000, 0x0000000774c00000, 0x00000007c0000000)
  eden space 65024K, 99% used [0x000000076b800000,0x000000076f73fb48,0x000000076f780000)
  from space 10752K, 0% used [0x000000076f780000,0x000000076f780000,0x0000000770200000)
  to   space 10752K, 0% used [0x0000000774180000,0x0000000774180000,0x0000000774c00000)
 ParOldGen       total 149504K, used 33931K [0x00000006c2800000, 0x00000006cba00000, 0x000000076b800000)
  object space 149504K, 22% used [0x00000006c2800000,0x00000006c4922f38,0x00000006cba00000)
 Metaspace       used 23506K, capacity 24426K, committed 24576K, reserved 1071104K
  class space    used 3068K, capacity 3288K, committed 3328K, reserved 1048576K
Event: 28.688 GC heap after
Heap after GC invocations=5 (full 1):
 PSYoungGen      total 138240K, used 10726K [0x000000076b800000, 0x0000000774c00000, 0x00000007c0000000)
  eden space 127488K, 0% used [0x000000076b800000,0x000000076b800000,0x0000000773480000)
  from space 10752K, 99% used [0x0000000774180000,0x0000000774bf9b58,0x0000000774c00000)
  to   space 10752K, 0% used [0x0000000773700000,0x0000000773700000,0x0000000774180000)
 ParOldGen       total 149504K, used 34286K [0x00000006c2800000, 0x00000006cba00000, 0x000000076b800000)
  object space 149504K, 22% used [0x00000006c2800000,0x00000006c497b820,0x00000006cba00000)
 Metaspace       used 23506K, capacity 24426K, committed 24576K, reserved 1071104K
  class space    used 3068K, capacity 3288K, committed 3328K, reserved 1048576K
}

Deoptimization events (10 events):
Event: 10.360 Thread 0x0000025d982d8800 Uncommon trap: reason=class_check action=maybe_recompile pc=0x0000025d806b60d8 method=com.sun.javafx.css.StyleMap.getCascadingStyles()Ljava/util/Map; @ 77
Event: 10.426 Thread 0x0000025d982d8800 Uncommon trap: reason=class_check action=maybe_recompile pc=0x0000025d805e83d4 method=com.sun.javafx.geom.Path2D.append(Lcom/sun/javafx/geom/PathIterator;Z)V @ 6
Event: 10.432 Thread 0x0000025d982d8800 Uncommon trap: reason=predicate action=maybe_recompile pc=0x0000025d80774420 method=sun.net.www.ParseUtil.encodePath(Ljava/lang/String;Z)Ljava/lang/String; @ 36
Event: 10.607 Thread 0x0000025d982d8800 Uncommon trap: reason=unstable_if action=reinterpret pc=0x0000025d804eb11c method=java.lang.ref.ReferenceQueue.poll()Ljava/lang/ref/Reference; @ 4
Event: 10.770 Thread 0x0000025d982d8800 Uncommon trap: reason=range_check action=make_not_entrant pc=0x0000025d807dd628 method=sun.reflect.generics.parser.SignatureParser.current()C @ 34
Event: 10.782 Thread 0x0000025d982d8800 Uncommon trap: reason=class_check action=maybe_recompile pc=0x0000025d807b7a60 method=java.util.concurrent.ConcurrentHashMap.putVal(Ljava/lang/Object;Ljava/lang/Object;Z)Ljava/lang/Object; @ 192
Event: 10.782 Thread 0x0000025d982d8800 Uncommon trap: reason=class_check action=maybe_recompile pc=0x0000025d807b7a60 method=java.util.concurrent.ConcurrentHashMap.putVal(Ljava/lang/Object;Ljava/lang/Object;Z)Ljava/lang/Object; @ 192
Event: 11.106 Thread 0x0000025d97e7e000 Uncommon trap: reason=class_check action=maybe_recompile pc=0x0000025d807b7a60 method=java.util.concurrent.ConcurrentHashMap.putVal(Ljava/lang/Object;Ljava/lang/Object;Z)Ljava/lang/Object; @ 192
Event: 19.996 Thread 0x0000025d9827e000 Uncommon trap: reason=unstable_if action=reinterpret pc=0x0000025d8093d608 method=com.sun.javafx.sg.prism.NGImageView.doRender(Lcom/sun/prism/Graphics;)V @ 4
Event: 32.838 Thread 0x0000025d982d8800 Uncommon trap: reason=class_check action=maybe_recompile pc=0x0000025d805e83d4 method=com.sun.javafx.geom.Path2D.append(Lcom/sun/javafx/geom/PathIterator;Z)V @ 6

Classes redefined (0 events):
No events

Internal exceptions (10 events):
Event: 10.769 Thread 0x0000025d982d8800 Exception <a 'java/lang/ArrayIndexOutOfBoundsException'> (0x000000076c3fd290) thrown at [C:\jenkins\workspace\8-2-build-windows-amd64-cygwin\jdk8u271\605\hotspot\src\share\vm\runtime\sharedRuntime.cpp, line 609]
Event: 10.769 Thread 0x0000025d982d8800 Exception <a 'java/lang/ArrayIndexOutOfBoundsException'> (0x000000076c406528) thrown at [C:\jenkins\workspace\8-2-build-windows-amd64-cygwin\jdk8u271\605\hotspot\src\share\vm\runtime\sharedRuntime.cpp, line 609]
Event: 10.769 Thread 0x0000025d982d8800 Exception <a 'java/lang/ArrayIndexOutOfBoundsException'> (0x000000076c408000) thrown at [C:\jenkins\workspace\8-2-build-windows-amd64-cygwin\jdk8u271\605\hotspot\src\share\vm\runtime\sharedRuntime.cpp, line 609]
Event: 10.769 Thread 0x0000025d982d8800 Exception <a 'java/lang/ArrayIndexOutOfBoundsException'> (0x000000076c409038) thrown at [C:\jenkins\workspace\8-2-build-windows-amd64-cygwin\jdk8u271\605\hotspot\src\share\vm\runtime\sharedRuntime.cpp, line 609]
Event: 10.769 Thread 0x0000025d982d8800 Exception <a 'java/lang/ArrayIndexOutOfBoundsException'> (0x000000076c40a470) thrown at [C:\jenkins\workspace\8-2-build-windows-amd64-cygwin\jdk8u271\605\hotspot\src\share\vm\runtime\sharedRuntime.cpp, line 609]
Event: 10.769 Thread 0x0000025d982d8800 Exception <a 'java/lang/ArrayIndexOutOfBoundsException'> (0x000000076c40c360) thrown at [C:\jenkins\workspace\8-2-build-windows-amd64-cygwin\jdk8u271\605\hotspot\src\share\vm\runtime\sharedRuntime.cpp, line 609]
Event: 10.769 Thread 0x0000025d982d8800 Exception <a 'java/lang/ArrayIndexOutOfBoundsException'> (0x000000076c40e460) thrown at [C:\jenkins\workspace\8-2-build-windows-amd64-cygwin\jdk8u271\605\hotspot\src\share\vm\runtime\sharedRuntime.cpp, line 609]
Event: 10.769 Thread 0x0000025d982d8800 Exception <a 'java/lang/ArrayIndexOutOfBoundsException'> (0x000000076c40ff28) thrown at [C:\jenkins\workspace\8-2-build-windows-amd64-cygwin\jdk8u271\605\hotspot\src\share\vm\runtime\sharedRuntime.cpp, line 609]
Event: 10.770 Thread 0x0000025d982d8800 Exception <a 'java/lang/ArrayIndexOutOfBoundsException': 40> (0x000000076c41de08) thrown at [C:\jenkins\workspace\8-2-build-windows-amd64-cygwin\jdk8u271\605\hotspot\src\share\vm\interpreter\interpreterRuntime.cpp, line 371]
Event: 10.770 Thread 0x0000025d982d8800 Exception <a 'java/lang/ArrayIndexOutOfBoundsException': 92> (0x000000076c41f5d8) thrown at [C:\jenkins\workspace\8-2-build-windows-amd64-cygwin\jdk8u271\605\hotspot\src\share\vm\interpreter\interpreterRuntime.cpp, line 371]

Events (10 events):
Event: 32.799 loading class java/lang/Throwable$WrappedPrintStream done
Event: 32.799 loading class java/util/IdentityHashMap$KeySet
Event: 32.799 loading class java/util/IdentityHashMap$KeySet done
Event: 32.815 Executing VM operation: RevokeBias
Event: 32.815 Executing VM operation: RevokeBias done
Event: 32.838 Thread 0x0000025d982d8800 Uncommon trap: trap_request=0xffffffde fr.pc=0x0000025d805e83d4
Event: 32.838 Thread 0x0000025d982d8800 DEOPT PACKING pc=0x0000025d805e83d4 sp=0x000000c2a51f83e0
Event: 32.838 Thread 0x0000025d982d8800 DEOPT UNPACKING pc=0x0000025d80045843 sp=0x000000c2a51f83c0 mode 2
Event: 32.877 Thread 0x0000025d982d8800 DEOPT PACKING pc=0x0000025d8085c7a0 sp=0x000000c2a51f8890
Event: 32.877 Thread 0x0000025d982d8800 DEOPT UNPACKING pc=0x0000025d80047898 sp=0x000000c2a51f85e0 mode 0


Dynamic libraries:
0x00007ff782870000 - 0x00007ff7828b7000 	C:\Program Files\Java\jdk1.8.0_271\bin\java.exe
0x00007ff855cf0000 - 0x00007ff855ee5000 	C:\Windows\SYSTEM32\ntdll.dll
0x00007ff853f60000 - 0x00007ff85401e000 	C:\Windows\System32\KERNEL32.DLL
0x00007ff853500000 - 0x00007ff8537c8000 	C:\Windows\System32\KERNELBASE.dll
0x00007ff854c60000 - 0x00007ff854d0c000 	C:\Windows\System32\ADVAPI32.dll
0x00007ff854020000 - 0x00007ff8540be000 	C:\Windows\System32\msvcrt.dll
0x00007ff855490000 - 0x00007ff85552b000 	C:\Windows\System32\sechost.dll
0x00007ff8552f0000 - 0x00007ff85541a000 	C:\Windows\System32\RPCRT4.dll
0x00007ff854e40000 - 0x00007ff854fe1000 	C:\Windows\System32\USER32.dll
0x00007ff853a30000 - 0x00007ff853a52000 	C:\Windows\System32\win32u.dll
0x00007ff855c80000 - 0x00007ff855cab000 	C:\Windows\System32\GDI32.dll
0x00007ff853ac0000 - 0x00007ff853bcd000 	C:\Windows\System32\gdi32full.dll
0x00007ff853820000 - 0x00007ff8538bd000 	C:\Windows\System32\msvcp_win.dll
0x00007ff853400000 - 0x00007ff853500000 	C:\Windows\System32\ucrtbase.dll
0x00007ff842680000 - 0x00007ff84291a000 	C:\Windows\WinSxS\amd64_microsoft.windows.common-controls_6595b64144ccf1df_6.0.19041.1110_none_60b5254171f9507e\COMCTL32.dll
0x00007ff8550c0000 - 0x00007ff8550f0000 	C:\Windows\System32\IMM32.DLL
0x00007ff84cf00000 - 0x00007ff84cf15000 	C:\Program Files\Java\jdk1.8.0_271\jre\bin\vcruntime140.dll
0x00007ff84ce00000 - 0x00007ff84ce9b000 	C:\Program Files\Java\jdk1.8.0_271\jre\bin\msvcp140.dll
0x0000000050200000 - 0x0000000050a6f000 	C:\Program Files\Java\jdk1.8.0_271\jre\bin\server\jvm.dll
0x00007ff855180000 - 0x00007ff855188000 	C:\Windows\System32\PSAPI.DLL
0x00007ff84c240000 - 0x00007ff84c24a000 	C:\Windows\SYSTEM32\VERSION.dll
0x00007ff8444d0000 - 0x00007ff8444d9000 	C:\Windows\SYSTEM32\WSOCK32.dll
0x00007ff843af0000 - 0x00007ff843b17000 	C:\Windows\SYSTEM32\WINMM.dll
0x00007ff854ff0000 - 0x00007ff85505b000 	C:\Windows\System32\WS2_32.dll
0x00007ff851c80000 - 0x00007ff851c92000 	C:\Windows\SYSTEM32\kernel.appcore.dll
0x00007ff84e3d0000 - 0x00007ff84e3e0000 	C:\Program Files\Java\jdk1.8.0_271\jre\bin\verify.dll
0x00007ff84b950000 - 0x00007ff84b97b000 	C:\Program Files\Java\jdk1.8.0_271\jre\bin\java.dll
0x00007ff846e70000 - 0x00007ff846ea0000 	C:\Program Files\Java\jdk1.8.0_271\jre\bin\instrument.dll
0x00007ff84b930000 - 0x00007ff84b948000 	C:\Program Files\Java\jdk1.8.0_271\jre\bin\zip.dll
0x00007ff855530000 - 0x00007ff855c74000 	C:\Windows\System32\SHELL32.dll
0x00007ff8514d0000 - 0x00007ff851c64000 	C:\Windows\SYSTEM32\windows.storage.dll
0x00007ff854900000 - 0x00007ff854c55000 	C:\Windows\System32\combase.dll
0x00007ff852d80000 - 0x00007ff852dae000 	C:\Windows\SYSTEM32\Wldp.dll
0x00007ff854850000 - 0x00007ff8548fd000 	C:\Windows\System32\SHCORE.dll
0x00007ff855430000 - 0x00007ff855485000 	C:\Windows\System32\shlwapi.dll
0x00007ff853340000 - 0x00007ff85335f000 	C:\Windows\SYSTEM32\profapi.dll
0x00007ff847190000 - 0x00007ff8471aa000 	D:\IntelliJ IDEA 2020.3.1\bin\breakgen64.dll
0x00007ff84b8c0000 - 0x00007ff84b8dc000 	C:\Program Files\Java\jdk1.8.0_271\jre\bin\net.dll
0x00007ff852ae0000 - 0x00007ff852b4a000 	C:\Windows\system32\mswsock.dll
0x0000025dfae50000 - 0x0000025dfae53000 	C:\Program Files\Java\jdk1.8.0_271\jre\bin\api-ms-win-core-console-l1-1-0.dll
0x0000025dfae60000 - 0x0000025dfae63000 	C:\Program Files\Java\jdk1.8.0_271\jre\bin\api-ms-win-core-console-l1-2-0.dll
0x0000025dfae70000 - 0x0000025dfae73000 	C:\Program Files\Java\jdk1.8.0_271\jre\bin\api-ms-win-core-datetime-l1-1-0.dll
0x0000025dfae80000 - 0x0000025dfae83000 	C:\Program Files\Java\jdk1.8.0_271\jre\bin\api-ms-win-core-debug-l1-1-0.dll
0x0000025dfff70000 - 0x0000025dfff73000 	C:\Program Files\Java\jdk1.8.0_271\jre\bin\api-ms-win-core-errorhandling-l1-1-0.dll
0x0000025dfff80000 - 0x0000025dfff84000 	C:\Program Files\Java\jdk1.8.0_271\jre\bin\api-ms-win-core-file-l1-1-0.dll
0x0000025dfff90000 - 0x0000025dfff93000 	C:\Program Files\Java\jdk1.8.0_271\jre\bin\api-ms-win-core-file-l1-2-0.dll
0x0000025dfffa0000 - 0x0000025dfffa3000 	C:\Program Files\Java\jdk1.8.0_271\jre\bin\api-ms-win-core-file-l2-1-0.dll
0x0000025dfffb0000 - 0x0000025dfffb3000 	C:\Program Files\Java\jdk1.8.0_271\jre\bin\api-ms-win-core-handle-l1-1-0.dll
0x0000025dfffc0000 - 0x0000025dfffc3000 	C:\Program Files\Java\jdk1.8.0_271\jre\bin\api-ms-win-core-heap-l1-1-0.dll
0x0000025dfffd0000 - 0x0000025dfffd3000 	C:\Program Files\Java\jdk1.8.0_271\jre\bin\api-ms-win-core-interlocked-l1-1-0.dll
0x0000025dfffe0000 - 0x0000025dfffe3000 	C:\Program Files\Java\jdk1.8.0_271\jre\bin\api-ms-win-core-libraryloader-l1-1-0.dll
0x0000025dffff0000 - 0x0000025dffff3000 	C:\Program Files\Java\jdk1.8.0_271\jre\bin\api-ms-win-core-localization-l1-2-0.dll
0x0000025d989a0000 - 0x0000025d989a3000 	C:\Program Files\Java\jdk1.8.0_271\jre\bin\api-ms-win-core-memory-l1-1-0.dll
0x0000025d989b0000 - 0x0000025d989b3000 	C:\Program Files\Java\jdk1.8.0_271\jre\bin\api-ms-win-core-namedpipe-l1-1-0.dll
0x0000025d989c0000 - 0x0000025d989c3000 	C:\Program Files\Java\jdk1.8.0_271\jre\bin\api-ms-win-core-processenvironment-l1-1-0.dll
0x0000025d989d0000 - 0x0000025d989d3000 	C:\Program Files\Java\jdk1.8.0_271\jre\bin\api-ms-win-core-processthreads-l1-1-0.dll
0x0000025d989e0000 - 0x0000025d989e3000 	C:\Program Files\Java\jdk1.8.0_271\jre\bin\api-ms-win-core-processthreads-l1-1-1.dll
0x0000025d989f0000 - 0x0000025d989f3000 	C:\Program Files\Java\jdk1.8.0_271\jre\bin\api-ms-win-core-profile-l1-1-0.dll
0x0000025d98a00000 - 0x0000025d98a03000 	C:\Program Files\Java\jdk1.8.0_271\jre\bin\api-ms-win-core-rtlsupport-l1-1-0.dll
0x0000025d98a10000 - 0x0000025d98a13000 	C:\Program Files\Java\jdk1.8.0_271\jre\bin\api-ms-win-core-string-l1-1-0.dll
0x0000025d98a20000 - 0x0000025d98a23000 	C:\Program Files\Java\jdk1.8.0_271\jre\bin\api-ms-win-core-synch-l1-1-0.dll
0x0000025d98a30000 - 0x0000025d98a33000 	C:\Program Files\Java\jdk1.8.0_271\jre\bin\api-ms-win-core-synch-l1-2-0.dll
0x0000025d98a40000 - 0x0000025d98a43000 	C:\Program Files\Java\jdk1.8.0_271\jre\bin\api-ms-win-core-sysinfo-l1-1-0.dll
0x0000025d98a50000 - 0x0000025d98a53000 	C:\Program Files\Java\jdk1.8.0_271\jre\bin\api-ms-win-core-timezone-l1-1-0.dll
0x0000025d98a60000 - 0x0000025d98a63000 	C:\Program Files\Java\jdk1.8.0_271\jre\bin\api-ms-win-core-util-l1-1-0.dll
0x0000025d98a70000 - 0x0000025d98a73000 	C:\Program Files\Java\jdk1.8.0_271\jre\bin\api-ms-win-crt-conio-l1-1-0.dll
0x0000025d98a80000 - 0x0000025d98a84000 	C:\Program Files\Java\jdk1.8.0_271\jre\bin\api-ms-win-crt-convert-l1-1-0.dll
0x0000025d98a90000 - 0x0000025d98a93000 	C:\Program Files\Java\jdk1.8.0_271\jre\bin\api-ms-win-crt-environment-l1-1-0.dll
0x0000025d98aa0000 - 0x0000025d98aa3000 	C:\Program Files\Java\jdk1.8.0_271\jre\bin\api-ms-win-crt-filesystem-l1-1-0.dll
0x0000025d98ab0000 - 0x0000025d98ab3000 	C:\Program Files\Java\jdk1.8.0_271\jre\bin\api-ms-win-crt-heap-l1-1-0.dll
0x0000025d98ac0000 - 0x0000025d98ac3000 	C:\Program Files\Java\jdk1.8.0_271\jre\bin\api-ms-win-crt-locale-l1-1-0.dll
0x0000025d98ad0000 - 0x0000025d98ad5000 	C:\Program Files\Java\jdk1.8.0_271\jre\bin\api-ms-win-crt-math-l1-1-0.dll
0x0000025d98ae0000 - 0x0000025d98ae5000 	C:\Program Files\Java\jdk1.8.0_271\jre\bin\api-ms-win-crt-multibyte-l1-1-0.dll
0x0000025d98af0000 - 0x0000025d98b00000 	C:\Program Files\Java\jdk1.8.0_271\jre\bin\api-ms-win-crt-private-l1-1-0.dll
0x0000025d98b00000 - 0x0000025d98b03000 	C:\Program Files\Java\jdk1.8.0_271\jre\bin\api-ms-win-crt-process-l1-1-0.dll
0x0000025d98b10000 - 0x0000025d98b14000 	C:\Program Files\Java\jdk1.8.0_271\jre\bin\api-ms-win-crt-runtime-l1-1-0.dll
0x0000025d98b20000 - 0x0000025d98b24000 	C:\Program Files\Java\jdk1.8.0_271\jre\bin\api-ms-win-crt-stdio-l1-1-0.dll
0x0000025d98b30000 - 0x0000025d98b34000 	C:\Program Files\Java\jdk1.8.0_271\jre\bin\api-ms-win-crt-string-l1-1-0.dll
0x0000025d98b40000 - 0x0000025d98b43000 	C:\Program Files\Java\jdk1.8.0_271\jre\bin\api-ms-win-crt-time-l1-1-0.dll
0x0000025d98b50000 - 0x0000025d98b53000 	C:\Program Files\Java\jdk1.8.0_271\jre\bin\api-ms-win-crt-utility-l1-1-0.dll
0x00007ff819800000 - 0x00007ff8198fa000 	C:\Program Files\Java\jdk1.8.0_271\jre\bin\ucrtbase.dll
0x00007ff843790000 - 0x00007ff84379c000 	C:\Windows\System32\vcruntime140_1.dll
0x00007ff819760000 - 0x00007ff819783000 	C:\Program Files\Java\jdk1.8.0_271\jre\bin\prism_d3d.dll
0x00007ff82b950000 - 0x00007ff82bb20000 	C:\Windows\system32\d3d9.dll
0x00007ff850e30000 - 0x00007ff850e5f000 	C:\Windows\SYSTEM32\dwmapi.dll
0x00007ff850a60000 - 0x00007ff850afe000 	C:\Windows\system32\uxtheme.dll
0x00007fffd9a40000 - 0x00007fffd9ba4000 	C:\Windows\System32\DriverStore\FileRepository\iigd_dch.inf_amd64_044fd6f0c2ae28a8\igdumdim64.dll
0x00007ff854d10000 - 0x00007ff854e3a000 	C:\Windows\System32\ole32.dll
0x00007fffa7c70000 - 0x00007fffac59c000 	C:\Windows\System32\DriverStore\FileRepository\iigd_dch.inf_amd64_044fd6f0c2ae28a8\igd9dxva64.dll
0x00007ff8540c0000 - 0x00007ff85418d000 	C:\Windows\System32\OLEAUT32.dll
0x00007ff8541f0000 - 0x00007ff854662000 	C:\Windows\System32\SETUPAPI.dll
0x00007ff8537d0000 - 0x00007ff85381e000 	C:\Windows\System32\cfgmgr32.dll
0x00007ff8538c0000 - 0x00007ff8538e7000 	C:\Windows\System32\bcrypt.dll
0x00007ff830ce0000 - 0x00007ff830fa4000 	C:\Windows\System32\DriverStore\FileRepository\iigd_dch.inf_amd64_044fd6f0c2ae28a8\igdgmm64.dll
0x00007ff819710000 - 0x00007ff819755000 	C:\Program Files\Java\jdk1.8.0_271\jre\bin\glass.dll
0x00007ff855190000 - 0x00007ff85526a000 	C:\Windows\System32\COMDLG32.dll
0x00007ff853d90000 - 0x00007ff853ea5000 	C:\Windows\System32\MSCTF.dll
0x00007ff8539a0000 - 0x00007ff853a22000 	C:\Windows\System32\bcryptPrimitives.dll
0x00007ff82bf70000 - 0x00007ff82bf97000 	C:\Windows\System32\DriverStore\FileRepository\iigd_dch.inf_amd64_044fd6f0c2ae28a8\igdinfo64.dll
0x00007ff82dcb0000 - 0x00007ff830844000 	C:\Windows\System32\DriverStore\FileRepository\iigd_dch.inf_amd64_044fd6f0c2ae28a8\igc64.dll
0x00007ff835730000 - 0x00007ff83576b000 	C:\Windows\SYSTEM32\dxcore.dll
0x00007ff845630000 - 0x00007ff845644000 	C:\Program Files\Java\jdk1.8.0_271\jre\bin\javafx_font.dll
0x00007ff830fb0000 - 0x00007ff831233000 	C:\Windows\SYSTEM32\dwrite.dll
0x00007ff853eb0000 - 0x00007ff853f59000 	C:\Windows\System32\clbcatq.dll
0x00007ff835d10000 - 0x00007ff835ec4000 	C:\Windows\SYSTEM32\WindowsCodecs.dll
0x00007ff81fdf0000 - 0x00007ff81fe2e000 	C:\Windows\system32\dataexchange.dll
0x00007ff84ef70000 - 0x00007ff84f1d4000 	C:\Windows\system32\d3d11.dll
0x00007ff84fd90000 - 0x00007ff84ff75000 	C:\Windows\system32\dcomp.dll
0x00007ff851cf0000 - 0x00007ff851de4000 	C:\Windows\system32\dxgi.dll
0x00007ff84ad90000 - 0x00007ff84af91000 	C:\Windows\system32\twinapi.appcore.dll
0x00007ff8196d0000 - 0x00007ff819704000 	C:\Program Files\Common Files\Microsoft Shared\Ink\rtscom.dll
0x00007ff8389c0000 - 0x00007ff838ab9000 	C:\Windows\SYSTEM32\textinputframework.dll
0x00007ff850350000 - 0x00007ff8506ae000 	C:\Windows\System32\CoreUIComponents.dll
0x00007ff8506b0000 - 0x00007ff8507a2000 	C:\Windows\System32\CoreMessaging.dll
0x00007ff852130000 - 0x00007ff852163000 	C:\Windows\SYSTEM32\ntmarta.dll
0x00007ff84fc30000 - 0x00007ff84fd84000 	C:\Windows\SYSTEM32\wintypes.dll
0x00007ff845510000 - 0x00007ff845522000 	C:\Program Files\Java\jdk1.8.0_271\jre\bin\prism_common.dll
0x00007ff84f670000 - 0x00007ff84fc30000 	C:\Windows\SYSTEM32\d2d1.dll
0x00007ff832660000 - 0x00007ff832d56000 	C:\Windows\SYSTEM32\D3D10Warp.dll
0x00007ff833ab0000 - 0x00007ff833b5c000 	C:\Windows\SYSTEM32\TextShaping.dll
0x00007ff8511e0000 - 0x00007ff8513c4000 	C:\Windows\SYSTEM32\dbghelp.dll

VM Arguments:
jvm_args: -javaagent:D:\IntelliJ IDEA 2020.3.1\lib\idea_rt.jar=50332:D:\IntelliJ IDEA 2020.3.1\bin -Dfile.encoding=UTF-8 
java_command: app.ClientApplication
java_class_path (initial): C:\Program Files\Java\jdk1.8.0_271\jre\lib\charsets.jar;C:\Program Files\Java\jdk1.8.0_271\jre\lib\deploy.jar;C:\Program Files\Java\jdk1.8.0_271\jre\lib\ext\access-bridge-64.jar;C:\Program Files\Java\jdk1.8.0_271\jre\lib\ext\cldrdata.jar;C:\Program Files\Java\jdk1.8.0_271\jre\lib\ext\dnsns.jar;C:\Program Files\Java\jdk1.8.0_271\jre\lib\ext\jaccess.jar;C:\Program Files\Java\jdk1.8.0_271\jre\lib\ext\jfxrt.jar;C:\Program Files\Java\jdk1.8.0_271\jre\lib\ext\localedata.jar;C:\Program Files\Java\jdk1.8.0_271\jre\lib\ext\nashorn.jar;C:\Program Files\Java\jdk1.8.0_271\jre\lib\ext\sunec.jar;C:\Program Files\Java\jdk1.8.0_271\jre\lib\ext\sunjce_provider.jar;C:\Program Files\Java\jdk1.8.0_271\jre\lib\ext\sunmscapi.jar;C:\Program Files\Java\jdk1.8.0_271\jre\lib\ext\sunpkcs11.jar;C:\Program Files\Java\jdk1.8.0_271\jre\lib\ext\zipfs.jar;C:\Program Files\Java\jdk1.8.0_271\jre\lib\javaws.jar;C:\Program Files\Java\jdk1.8.0_271\jre\lib\jce.jar;C:\Program Files\Java\jdk1.8.0_271\jre\lib\jfr.jar;C:\Program Files\Java\jdk1.8.0_271\jre\lib\jfxswt.jar;C:\Program Files\Java\jdk1.8.0_271\jre\lib\jsse.jar;C:\Program Files\Java\jdk1.8.0_271\jre\lib\management-agent.jar;C:\Program Files\Java\jdk1.8.0_271\jre\lib\plugin.jar;C:\Program Files\Java\jdk1.8.0_271\jre\lib\resources.jar;C:\Program Files\Java\jdk1.8.0_271\jre\lib\rt.jar;C:\Users\Админ\IdeaProjects\JavaSamat\Bombers\target\classes;C:\Users\Админ\.m2\repository\org\openjfx\javafx-controls\11.0.2\javafx-controls-11.0.2.jar;C:\Users\Админ\.m2\repository\org\openjfx\javafx-controls\11.0.2\javafx-controls-11.0.2-win.jar;C:\Users\Админ\.m2\repository\org\openjfx\javafx-graphics\11.0.2\javafx-graphics-11.0.2.jar;C:\Users\Админ\.m2\repository\org\openjfx\javafx-graphics\11.0.2\javafx-graphics-11.0.2-win.jar;C:\Users\Админ\.m2\repository\org\openjfx\javafx-base\11.0.2\javafx-base-11.0.2.jar;C:\Users\Админ\.m2\repository\org\openjfx\javafx-base\11.0.2\javafx-base-11.0.2-win.jar;C:\Users\Админ\.m2\repository\org\openjf
Launcher Type: SUN_STANDARD

Environment Variables:
PATH=C:\Program Files (x86)\Common Files\Oracle\Java\javapath;C:\Windows\system32;C:\Windows;C:\Windows\System32\Wbem;C:\Windows\System32\WindowsPowerShell\v1.0\;C:\Windows\System32\OpenSSH\;C:\Program Files\Git\cmd;C:\Users\Админ\AppData\Local\Programs\Python\Python39\Scripts\;C:\Users\Админ\AppData\Local\Programs\Python\Python39\;C:\Users\Админ\AppData\Local\Microsoft\WindowsApps;C:\Program Files\Java\jdk1.8.0_271\bin;C:\Users\Админ\AppData\Local\Programs\Microsoft VS Code\bin;D:\Min\mingw64\bin;C:\Program Files\JetBrains\PyCharm 2021.1.3\bin;;
USERNAME=Admin
OS=Windows_NT
PROCESSOR_IDENTIFIER=Intel64 Family 6 Model 165 Stepping 2, GenuineIntel



---------------  S Y S T E M  ---------------

OS: Windows 10.0 , 64 bit Build 19041 (10.0.19041.1348)

CPU:total 12 (initial active 12) (6 cores per cpu, 2 threads per core) family 6 model 165 stepping 2, cmov, cx8, fxsr, mmx, sse, sse2, sse3, ssse3, sse4.1, sse4.2, popcnt, avx, avx2, aes, clmul, erms, 3dnowpref, lzcnt, ht, tsc, tscinvbit, bmi1, bmi2, adx

Memory: 4k page, physical 16609124k(2618604k free), swap 53334808k(8163276k free)

vm_info: Java HotSpot(TM) 64-Bit Server VM (25.271-b09) for windows-amd64 JRE (1.8.0_271-b09), built on Sep 16 2020 19:14:59 by "" with MS VC++ 15.9 (VS2017)

time: Wed Dec 22 10:59:01 2021
timezone: RTZ 2 (зима)
elapsed time: 32.972130 seconds (0d 0h 0m 32s)

