#
# A fatal error has been detected by the Java Runtime Environment:
#
#  EXCEPTION_ACCESS_VIOLATION (0xc0000005) at pc=0x00000000502cec73, pid=31936, tid=0x0000000000006244
#
# JRE version: Java(TM) SE Runtime Environment (8.0_271-b09) (build 1.8.0_271-b09)
# Java VM: Java HotSpot(TM) 64-Bit Server VM (25.271-b09 mixed mode windows-amd64 compressed oops)
# Problematic frame:
# V  [jvm.dll+0xcec73]
#
# Failed to write core dump. Minidumps are not enabled by default on client versions of Windows
#
# If you would like to submit a bug report, please visit:
#   http://bugreport.java.com/bugreport/crash.jsp
#

---------------  T H R E A D  ---------------

Current thread (0x000001df9c636800):  JavaThread "JavaFX Application Thread" [_thread_in_vm, id=25156, stack(0x0000009f65d00000,0x0000009f65e00000)]

siginfo: ExceptionCode=0xc0000005, reading address 0x0000000000000008

Registers:
RAX=0x0000000000000000, RBX=0x0000009f65dfc988, RCX=0x0000009f65dfc9b8, RDX=0x0000009f65dfc988
RSP=0x0000009f65dfc910, RBP=0x0000009f65dfca40, RSI=0x0000000000000000, RDI=0x0000009f65dfc9b8
R8 =0x000001df9c508c70, R9 =0x0000000000000001, R10=0x0000000000000000, R11=0x0000000000000246
R12=0x000001df9c1dfa90, R13=0x0000009f65dfcb10, R14=0x000001df9c636800, R15=0x000001df9c5a9db0
RIP=0x00000000502cec73, EFLAGS=0x0000000000010202

Top of Stack: (sp=0x0000009f65dfc910)
0x0000009f65dfc910:   0000000000000000 0000000000000000
0x0000009f65dfc920:   0000000000000070 ffffffffffffffff
0x0000009f65dfc930:   0000000000000000 0000000050371d18
0x0000009f65dfc940:   00000000507db678 ffffffff00000001
0x0000009f65dfc950:   00007ff855d8cba0 0000000000000000
0x0000009f65dfc960:   0000000000000048 ffffffff00000001
0x0000009f65dfc970:   0000000000000002 0000000000000000
0x0000009f65dfc980:   0000009f65dfcb40 0000000000000000
0x0000009f65dfc990:   0000000000000000 000001df9c6369f8
0x0000009f65dfc9a0:   00000000000003d8 000001df9c1dfaa0
0x0000009f65dfc9b0:   000001df9c1dfe78 0000000000000000
0x0000009f65dfc9c0:   0000000000000000 0000000000000000
0x0000009f65dfc9d0:   0000000040000000 0000000080000000
0x0000009f65dfc9e0:   00000000c0000388 00007ff854e4e36c
0x0000009f65dfc9f0:   0000000000000000 00007ff855d8cba0
0x0000009f65dfca00:   00000000000c1b00 000001df99c73930 

Instructions: (pc=0x00000000502cec73)
0x00000000502cec53:   48 8d 0d 06 53 70 00 48 89 14 c1 c3 cc 48 89 5c
0x00000000502cec63:   24 08 57 48 83 ec 20 48 8b 02 48 8b da 48 8b f9
0x00000000502cec73:   48 8b 50 08 0f b7 42 24 48 8b 52 08 48 8b 54 c2
0x00000000502cec83:   50 e8 d7 02 17 00 48 8d 4f 30 48 8b d3 48 8d 05 


Register to memory mapping:

RAX=0x0000000000000000 is an unknown value
RBX=0x0000009f65dfc988 is pointing into the stack for thread: 0x000001df9c636800
RCX=0x0000009f65dfc9b8 is pointing into the stack for thread: 0x000001df9c636800
RDX=0x0000009f65dfc988 is pointing into the stack for thread: 0x000001df9c636800
RSP=0x0000009f65dfc910 is pointing into the stack for thread: 0x000001df9c636800
RBP=0x0000009f65dfca40 is pointing into the stack for thread: 0x000001df9c636800
RSI=0x0000000000000000 is an unknown value
RDI=0x0000009f65dfc9b8 is pointing into the stack for thread: 0x000001df9c636800
R8 =0x000001df9c508c70 is a global jni handle
R9 =0x0000000000000001 is an unknown value
R10=0x0000000000000000 is an unknown value
R11=0x0000000000000246 is an unknown value
R12=0x000001df9c1dfa90 is an unknown value
R13=0x0000009f65dfcb10 is pointing into the stack for thread: 0x000001df9c636800
R14=0x000001df9c636800 is a thread
R15=0x000001df9c5a9db0 is an unknown value


Stack: [0x0000009f65d00000,0x0000009f65e00000],  sp=0x0000009f65dfc910,  free space=1010k
Native frames: (J=compiled Java code, j=interpreted, Vv=VM code, C=native code)
V  [jvm.dll+0xcec73]
V  [jvm.dll+0x171d18]
V  [jvm.dll+0x15e28b]
C  [glass.dll+0x500c]
C  [glass.dll+0xa249]
C  [glass.dll+0x17a8]
C  [USER32.dll+0xe7e8]
C  [USER32.dll+0xddab]
C  [USER32.dll+0xd61a]
C  [glass.dll+0x196c7]
C  0x000001df81429f4e

Java frames: (J=compiled Java code, j=interpreted, Vv=VM code)
j  com.sun.glass.ui.win.WinView._exitFullscreen(JZ)V+0
j  com.sun.glass.ui.View.exitFullscreen(Z)V+13
j  com.sun.javafx.tk.quantum.WindowStage.applyFullScreen()V+322
j  com.sun.javafx.tk.quantum.WindowStage.setFullScreen(Z)V+50
j  com.sun.javafx.tk.quantum.WindowStage.exitFullScreen()V+2
j  com.sun.javafx.tk.quantum.WindowStage.setScene(Lcom/sun/javafx/tk/TKScene;)V+12
j  javafx.stage.Window$SceneModel.updatePeerScene(Lcom/sun/javafx/tk/TKScene;)V+18
j  javafx.stage.Window$SceneModel.invalidated()V+35
J 2319 C1 javafx.beans.property.ObjectPropertyBase.set(Ljava/lang/Object;)V (110 bytes) @ 0x000001df81b0ba44 [0x000001df81b0b320+0x724]
j  javafx.stage.Window.setScene(Ljavafx/scene/Scene;)V+5
j  javafx.stage.Stage.setScene(Ljavafx/scene/Scene;)V+8
j  controller.GameController.lose()V+193
j  controller.GameController.lambda$startBombAnimation$1(Ljava/util/concurrent/atomic/AtomicInteger;Ljavafx/scene/image/ImageView;Ljavafx/event/ActionEvent;)V+140
j  controller.GameController$$Lambda$251.handle(Ljavafx/event/Event;)V+16
j  com.sun.scenario.animation.shared.TimelineClipCore.visitKeyFrame(IJ)V+58
J 2176 C1 com.sun.scenario.animation.shared.TimelineClipCore.playTo(J)V (353 bytes) @ 0x000001df81a97aa4 [0x000001df81a97780+0x324]
J 4251 C2 javafx.animation.Timeline.impl_playTo(JJ)V (9 bytes) @ 0x000001df820a4664 [0x000001df820a4620+0x44]
J 4076 C2 javafx.animation.AnimationAccessorImpl.playTo(Ljavafx/animation/Animation;JJ)V (8 bytes) @ 0x000001df81a65f04 [0x000001df81a65ec0+0x44]
J 3995 C1 com.sun.scenario.animation.shared.FiniteClipEnvelope.timePulse(J)V (372 bytes) @ 0x000001df820227c4 [0x000001df820221e0+0x5e4]
J 4181 C2 javafx.animation.Animation$1$$Lambda$203.run()Ljava/lang/Object; (12 bytes) @ 0x000001df81874680 [0x000001df81874620+0x60]
v  ~StubRoutines::call_stub
J 1441  java.security.AccessController.doPrivileged(Ljava/security/PrivilegedAction;Ljava/security/AccessControlContext;)Ljava/lang/Object; (0 bytes) @ 0x000001df818dfde6 [0x000001df818dfd80+0x66]
J 4136 C2 javafx.animation.Animation$1.timePulse(J)V (56 bytes) @ 0x000001df816ac7c0 [0x000001df816ac6e0+0xe0]
J 2102 C1 com.sun.scenario.animation.AbstractMasterTimer.timePulseImpl(J)V (157 bytes) @ 0x000001df81a6f7a4 [0x000001df81a6f5c0+0x1e4]
J 2099 C1 com.sun.scenario.animation.AbstractMasterTimer$MainLoop.run()V (61 bytes) @ 0x000001df81a72a2c [0x000001df81a72720+0x30c]
J 1775 C1 com.sun.javafx.tk.quantum.QuantumToolkit.pulse(Z)V (152 bytes) @ 0x000001df8198ee14 [0x000001df8198df20+0xef4]
J 1805 C1 com.sun.javafx.tk.quantum.QuantumToolkit$$Lambda$42.run()V (8 bytes) @ 0x000001df819a1284 [0x000001df819a0fa0+0x2e4]
J 2092 C1 com.sun.glass.ui.InvokeLaterDispatcher$Future.run()V (91 bytes) @ 0x000001df81a5bc94 [0x000001df81a5bb80+0x114]
v  ~StubRoutines::call_stub
j  com.sun.glass.ui.win.WinApplication._runLoop(Ljava/lang/Runnable;)V+0
j  com.sun.glass.ui.win.WinApplication.lambda$null$4(ILjava/lang/Runnable;)V+8
j  com.sun.glass.ui.win.WinApplication$$Lambda$38.run()V+12
j  java.lang.Thread.run()V+11
v  ~StubRoutines::call_stub

---------------  P R O C E S S  ---------------

Java Threads: ( => current thread )
  0x000001dfa29ec800 JavaThread "Thread-4" [_thread_in_native, id=35892, stack(0x0000009f66c00000,0x0000009f66d00000)]
  0x000001df9cc5e800 JavaThread "Prism Font Disposer" daemon [_thread_blocked, id=12120, stack(0x0000009f66600000,0x0000009f66700000)]
  0x000001df9c835000 JavaThread "Thread-3" daemon [_thread_in_native, id=32668, stack(0x0000009f66100000,0x0000009f66200000)]
  0x000001df9c7f0800 JavaThread "JavaFX-Launcher" [_thread_blocked, id=35156, stack(0x0000009f66200000,0x0000009f66300000)]
=>0x000001df9c636800 JavaThread "JavaFX Application Thread" [_thread_in_vm, id=25156, stack(0x0000009f65d00000,0x0000009f65e00000)]
  0x000001df9c5d0800 JavaThread "Thread-1" daemon [_thread_blocked, id=37484, stack(0x0000009f65c00000,0x0000009f65d00000)]
  0x000001df9c557000 JavaThread "QuantumRenderer-0" daemon [_thread_blocked, id=34772, stack(0x0000009f65b00000,0x0000009f65c00000)]
  0x000001df9c285800 JavaThread "Service Thread" daemon [_thread_blocked, id=34520, stack(0x0000009f65900000,0x0000009f65a00000)]
  0x000001df9c1ea800 JavaThread "C1 CompilerThread3" daemon [_thread_blocked, id=31208, stack(0x0000009f65800000,0x0000009f65900000)]
  0x000001df9c1e5800 JavaThread "C2 CompilerThread2" daemon [_thread_blocked, id=18644, stack(0x0000009f65700000,0x0000009f65800000)]
  0x000001df9c1e4800 JavaThread "C2 CompilerThread1" daemon [_thread_blocked, id=36460, stack(0x0000009f65600000,0x0000009f65700000)]
  0x000001df9c1de000 JavaThread "C2 CompilerThread0" daemon [_thread_blocked, id=25960, stack(0x0000009f65500000,0x0000009f65600000)]
  0x000001df9c1da800 JavaThread "Monitor Ctrl-Break" daemon [_thread_in_native, id=11496, stack(0x0000009f65400000,0x0000009f65500000)]
  0x000001df99c75000 JavaThread "Attach Listener" daemon [_thread_blocked, id=27572, stack(0x0000009f65300000,0x0000009f65400000)]
  0x000001df99c74000 JavaThread "Signal Dispatcher" daemon [_thread_blocked, id=17636, stack(0x0000009f65200000,0x0000009f65300000)]
  0x000001df99c4d000 JavaThread "Finalizer" daemon [_thread_blocked, id=16268, stack(0x0000009f65100000,0x0000009f65200000)]
  0x000001df99c46000 JavaThread "Reference Handler" daemon [_thread_blocked, id=31596, stack(0x0000009f65000000,0x0000009f65100000)]
  0x000001dfff019000 JavaThread "main" [_thread_blocked, id=29604, stack(0x0000009f64400000,0x0000009f64500000)]

Other Threads:
  0x000001df99c1a000 VMThread [stack: 0x0000009f64f00000,0x0000009f65000000] [id=31776]
  0x000001df9c2a6000 WatcherThread [stack: 0x0000009f65a00000,0x0000009f65b00000] [id=36936]

VM state:not at safepoint (normal execution)

VM Mutex/Monitor currently owned by a thread: None

heap address: 0x00000006c2800000, size: 4056 MB, Compressed Oops mode: Zero based, Oop shift amount: 3
Narrow klass base: 0x0000000000000000, Narrow klass shift: 3
Compressed class space size: 1073741824 Address: 0x00000007c0000000

Heap:
 PSYoungGen      total 139776K, used 64069K [0x000000076b800000, 0x0000000774c00000, 0x00000007c0000000)
  eden space 129024K, 41% used [0x000000076b800000,0x000000076ec12ea0,0x0000000773600000)
  from space 10752K, 99% used [0x0000000774180000,0x0000000774bfe680,0x0000000774c00000)
  to   space 10752K, 0% used [0x0000000773700000,0x0000000773700000,0x0000000774180000)
 ParOldGen       total 126976K, used 31417K [0x00000006c2800000, 0x00000006ca400000, 0x000000076b800000)
  object space 126976K, 24% used [0x00000006c2800000,0x00000006c46ae5c0,0x00000006ca400000)
 Metaspace       used 23890K, capacity 24846K, committed 25088K, reserved 1071104K
  class space    used 3078K, capacity 3292K, committed 3328K, reserved 1048576K

Card table byte_map: [0x000001df90410000,0x000001df90c00000] byte_map_base: 0x000001df8cdfc000

Marking Bits: (ParMarkBitMap*) 0x00000000509f7fe0
 Begin Bits: [0x000001df90c00000, 0x000001df94b60000)
 End Bits:   [0x000001df94b60000, 0x000001df98ac0000)

Polling page: 0x000001dfff130000

CodeCache: size=245760Kb used=12999Kb max_used=13010Kb free=232760Kb
 bounds [0x000001df81410000, 0x000001df820e0000, 0x000001df90410000]
 total_blobs=4647 nmethods=3933 adapters=626
 compilation: enabled

Compilation events (10 events):
Event: 68.117 Thread 0x000001df9c1e5800 4302  s!   4       com.sun.javafx.tk.Toolkit::getToolkit (225 bytes)
Event: 68.118 Thread 0x000001df9c1e5800 nmethod 4302 0x000001df820bf010 code [0x000001df820bf160, 0x000001df820bf3b8]
Event: 68.154 Thread 0x000001df9c1ea800 4305       3       sun.text.normalizer.UTF16::charAt (116 bytes)
Event: 68.154 Thread 0x000001df9c1ea800 nmethod 4305 0x000001df820cf610 code [0x000001df820cf7e0, 0x000001df820cffb0]
Event: 68.154 Thread 0x000001df9c1ea800 4306   !   3       com.sun.javafx.text.GlyphLayout::isIdeographic (36 bytes)
Event: 68.155 Thread 0x000001df9c1e4800 4307       4       com.sun.prism.BasicStroke::computeMiter (90 bytes)
Event: 68.155 Thread 0x000001df9c1ea800 nmethod 4306 0x000001df820ce790 code [0x000001df820ce940, 0x000001df820cf190]
Event: 68.155 Thread 0x000001df9c1ea800 4304       3       javafx.scene.text.Text::getLogicalBounds (12 bytes)
Event: 68.155 Thread 0x000001df9c1ea800 nmethod 4304 0x000001df820be5d0 code [0x000001df820be760, 0x000001df820bea80]
Event: 68.157 Thread 0x000001df9c1e4800 nmethod 4307 0x000001df820ce410 code [0x000001df820ce540, 0x000001df820ce658]

GC Heap History (10 events):
Event: 5.330 GC heap before
{Heap before GC invocations=1 (full 0):
 PSYoungGen      total 75776K, used 63943K [0x000000076b800000, 0x0000000770c80000, 0x00000007c0000000)
  eden space 65024K, 98% used [0x000000076b800000,0x000000076f671d78,0x000000076f780000)
  from space 10752K, 0% used [0x0000000770200000,0x0000000770200000,0x0000000770c80000)
  to   space 10752K, 0% used [0x000000076f780000,0x000000076f780000,0x0000000770200000)
 ParOldGen       total 173568K, used 0K [0x00000006c2800000, 0x00000006cd180000, 0x000000076b800000)
  object space 173568K, 0% used [0x00000006c2800000,0x00000006c2800000,0x00000006cd180000)
 Metaspace       used 16730K, capacity 17472K, committed 17792K, reserved 1064960K
  class space    used 2416K, capacity 2624K, committed 2688K, reserved 1048576K
Event: 5.339 GC heap after
Heap after GC invocations=1 (full 0):
 PSYoungGen      total 75776K, used 9682K [0x000000076b800000, 0x0000000770c80000, 0x00000007c0000000)
  eden space 65024K, 0% used [0x000000076b800000,0x000000076b800000,0x000000076f780000)
  from space 10752K, 90% used [0x000000076f780000,0x00000007700f4ae0,0x0000000770200000)
  to   space 10752K, 0% used [0x0000000770200000,0x0000000770200000,0x0000000770c80000)
 ParOldGen       total 173568K, used 10259K [0x00000006c2800000, 0x00000006cd180000, 0x000000076b800000)
  object space 173568K, 5% used [0x00000006c2800000,0x00000006c3204c70,0x00000006cd180000)
 Metaspace       used 16730K, capacity 17472K, committed 17792K, reserved 1064960K
  class space    used 2416K, capacity 2624K, committed 2688K, reserved 1048576K
}
Event: 15.899 GC heap before
{Heap before GC invocations=2 (full 0):
 PSYoungGen      total 75776K, used 74706K [0x000000076b800000, 0x0000000770c80000, 0x00000007c0000000)
  eden space 65024K, 100% used [0x000000076b800000,0x000000076f780000,0x000000076f780000)
  from space 10752K, 90% used [0x000000076f780000,0x00000007700f4ae0,0x0000000770200000)
  to   space 10752K, 0% used [0x0000000770200000,0x0000000770200000,0x0000000770c80000)
 ParOldGen       total 173568K, used 10259K [0x00000006c2800000, 0x00000006cd180000, 0x000000076b800000)
  object space 173568K, 5% used [0x00000006c2800000,0x00000006c3204c70,0x00000006cd180000)
 Metaspace       used 20241K, capacity 21080K, committed 21248K, reserved 1067008K
  class space    used 2752K, capacity 2983K, committed 3072K, reserved 1048576K
Event: 15.909 GC heap after
Heap after GC invocations=2 (full 0):
 PSYoungGen      total 75776K, used 10750K [0x000000076b800000, 0x0000000770c80000, 0x00000007c0000000)
  eden space 65024K, 0% used [0x000000076b800000,0x000000076b800000,0x000000076f780000)
  from space 10752K, 99% used [0x0000000770200000,0x0000000770c7f800,0x0000000770c80000)
  to   space 10752K, 0% used [0x000000076f780000,0x000000076f780000,0x0000000770200000)
 ParOldGen       total 173568K, used 34205K [0x00000006c2800000, 0x00000006cd180000, 0x000000076b800000)
  object space 173568K, 19% used [0x00000006c2800000,0x00000006c4967630,0x00000006cd180000)
 Metaspace       used 20241K, capacity 21080K, committed 21248K, reserved 1067008K
  class space    used 2752K, capacity 2983K, committed 3072K, reserved 1048576K
}
Event: 15.915 GC heap before
{Heap before GC invocations=3 (full 0):
 PSYoungGen      total 75776K, used 11841K [0x000000076b800000, 0x0000000770c80000, 0x00000007c0000000)
  eden space 65024K, 1% used [0x000000076b800000,0x000000076b910c00,0x000000076f780000)
  from space 10752K, 99% used [0x0000000770200000,0x0000000770c7f800,0x0000000770c80000)
  to   space 10752K, 0% used [0x000000076f780000,0x000000076f780000,0x0000000770200000)
 ParOldGen       total 173568K, used 34205K [0x00000006c2800000, 0x00000006cd180000, 0x000000076b800000)
  object space 173568K, 19% used [0x00000006c2800000,0x00000006c4967630,0x00000006cd180000)
 Metaspace       used 20352K, capacity 21144K, committed 21248K, reserved 1067008K
  class space    used 2757K, capacity 2983K, committed 3072K, reserved 1048576K
Event: 15.920 GC heap after
Heap after GC invocations=3 (full 0):
 PSYoungGen      total 75776K, used 10750K [0x000000076b800000, 0x0000000774c00000, 0x00000007c0000000)
  eden space 65024K, 0% used [0x000000076b800000,0x000000076b800000,0x000000076f780000)
  from space 10752K, 99% used [0x000000076f780000,0x00000007701ff820,0x0000000770200000)
  to   space 10752K, 0% used [0x0000000774180000,0x0000000774180000,0x0000000774c00000)
 ParOldGen       total 173568K, used 34409K [0x00000006c2800000, 0x00000006cd180000, 0x000000076b800000)
  object space 173568K, 19% used [0x00000006c2800000,0x00000006c499a528,0x00000006cd180000)
 Metaspace       used 20352K, capacity 21144K, committed 21248K, reserved 1067008K
  class space    used 2757K, capacity 2983K, committed 3072K, reserved 1048576K
}
Event: 15.920 GC heap before
{Heap before GC invocations=4 (full 1):
 PSYoungGen      total 75776K, used 10750K [0x000000076b800000, 0x0000000774c00000, 0x00000007c0000000)
  eden space 65024K, 0% used [0x000000076b800000,0x000000076b800000,0x000000076f780000)
  from space 10752K, 99% used [0x000000076f780000,0x00000007701ff820,0x0000000770200000)
  to   space 10752K, 0% used [0x0000000774180000,0x0000000774180000,0x0000000774c00000)
 ParOldGen       total 173568K, used 34409K [0x00000006c2800000, 0x00000006cd180000, 0x000000076b800000)
  object space 173568K, 19% used [0x00000006c2800000,0x00000006c499a528,0x00000006cd180000)
 Metaspace       used 20352K, capacity 21144K, committed 21248K, reserved 1067008K
  class space    used 2757K, capacity 2983K, committed 3072K, reserved 1048576K
Event: 15.949 GC heap after
Heap after GC invocations=4 (full 1):
 PSYoungGen      total 75776K, used 0K [0x000000076b800000, 0x0000000774c00000, 0x00000007c0000000)
  eden space 65024K, 0% used [0x000000076b800000,0x000000076b800000,0x000000076f780000)
  from space 10752K, 0% used [0x000000076f780000,0x000000076f780000,0x0000000770200000)
  to   space 10752K, 0% used [0x0000000774180000,0x0000000774180000,0x0000000774c00000)
 ParOldGen       total 126976K, used 31248K [0x00000006c2800000, 0x00000006ca400000, 0x000000076b800000)
  object space 126976K, 24% used [0x00000006c2800000,0x00000006c46841d0,0x00000006ca400000)
 Metaspace       used 20352K, capacity 21144K, committed 21248K, reserved 1067008K
  class space    used 2757K, capacity 2983K, committed 3072K, reserved 1048576K
}
Event: 59.038 GC heap before
{Heap before GC invocations=5 (full 1):
 PSYoungGen      total 75776K, used 65024K [0x000000076b800000, 0x0000000774c00000, 0x00000007c0000000)
  eden space 65024K, 100% used [0x000000076b800000,0x000000076f780000,0x000000076f780000)
  from space 10752K, 0% used [0x000000076f780000,0x000000076f780000,0x0000000770200000)
  to   space 10752K, 0% used [0x0000000774180000,0x0000000774180000,0x0000000774c00000)
 ParOldGen       total 126976K, used 31248K [0x00000006c2800000, 0x00000006ca400000, 0x000000076b800000)
  object space 126976K, 24% used [0x00000006c2800000,0x00000006c46841d0,0x00000006ca400000)
 Metaspace       used 23745K, capacity 24672K, committed 24832K, reserved 1071104K
  class space    used 3075K, capacity 3289K, committed 3328K, reserved 1048576K
Event: 59.044 GC heap after
Heap after GC invocations=5 (full 1):
 PSYoungGen      total 139776K, used 10745K [0x000000076b800000, 0x0000000774c00000, 0x00000007c0000000)
  eden space 129024K, 0% used [0x000000076b800000,0x000000076b800000,0x0000000773600000)
  from space 10752K, 99% used [0x0000000774180000,0x0000000774bfe680,0x0000000774c00000)
  to   space 10752K, 0% used [0x0000000773700000,0x0000000773700000,0x0000000774180000)
 ParOldGen       total 126976K, used 31417K [0x00000006c2800000, 0x00000006ca400000, 0x000000076b800000)
  object space 126976K, 24% used [0x00000006c2800000,0x00000006c46ae5c0,0x00000006ca400000)
 Metaspace       used 23745K, capacity 24672K, committed 24832K, reserved 1071104K
  class space    used 3075K, capacity 3289K, committed 3328K, reserved 1048576K
}

Deoptimization events (10 events):
Event: 30.532 Thread 0x000001df9c557000 Uncommon trap: reason=class_check action=maybe_recompile pc=0x000001df81cf42d8 method=com.sun.javafx.geom.transform.Affine2D.setTransform(Lcom/sun/javafx/geom/transform/BaseTransform;)V @ 4
Event: 30.532 Thread 0x000001df9c557000 Uncommon trap: reason=class_check action=maybe_recompile pc=0x000001df81a2a70c method=com.sun.javafx.font.CompositeStrike.getStrikeSlot(I)Lcom/sun/javafx/font/FontStrike; @ 16
Event: 30.532 Thread 0x000001df9c557000 Uncommon trap: reason=unstable_if action=reinterpret pc=0x000001df819f7b34 method=java.lang.Math.round(F)I @ 23
Event: 30.534 Thread 0x000001df9c557000 Uncommon trap: reason=class_check action=maybe_recompile pc=0x000001df81cf42d8 method=com.sun.javafx.geom.transform.Affine2D.setTransform(Lcom/sun/javafx/geom/transform/BaseTransform;)V @ 4
Event: 31.373 Thread 0x000001df9c636800 Uncommon trap: reason=unstable_if action=reinterpret pc=0x000001df81ce8514 method=javafx.scene.Node.hasProperties()Z @ 4
Event: 52.612 Thread 0x000001df9c557000 Uncommon trap: reason=unstable_if action=reinterpret pc=0x000001df82024a20 method=com.sun.javafx.sg.prism.NGGroup.computeRenderRoot(Lcom/sun/javafx/sg/prism/NodePath;Lcom/sun/javafx/geom/RectBounds;ILcom/sun/javafx/geom/transform/BaseTransform;Lcom/sun/ja
Event: 52.613 Thread 0x000001df9c557000 Uncommon trap: reason=unstable_if action=reinterpret pc=0x000001df820249ec method=com.sun.javafx.sg.prism.NGGroup.computeRenderRoot(Lcom/sun/javafx/sg/prism/NodePath;Lcom/sun/javafx/geom/RectBounds;ILcom/sun/javafx/geom/transform/BaseTransform;Lcom/sun/ja
Event: 52.613 Thread 0x000001df9c557000 Uncommon trap: reason=unstable_if action=reinterpret pc=0x000001df820249ec method=com.sun.javafx.sg.prism.NGGroup.computeRenderRoot(Lcom/sun/javafx/sg/prism/NodePath;Lcom/sun/javafx/geom/RectBounds;ILcom/sun/javafx/geom/transform/BaseTransform;Lcom/sun/ja
Event: 52.613 Thread 0x000001df9c557000 Uncommon trap: reason=unstable_if action=reinterpret pc=0x000001df820249ec method=com.sun.javafx.sg.prism.NGGroup.computeRenderRoot(Lcom/sun/javafx/sg/prism/NodePath;Lcom/sun/javafx/geom/RectBounds;ILcom/sun/javafx/geom/transform/BaseTransform;Lcom/sun/ja
Event: 68.154 Thread 0x000001df9c636800 Uncommon trap: reason=class_check action=maybe_recompile pc=0x000001df81a06214 method=com.sun.javafx.geom.Path2D.append(Lcom/sun/javafx/geom/PathIterator;Z)V @ 6

Classes redefined (0 events):
No events

Internal exceptions (10 events):
Event: 16.041 Thread 0x000001df9c636800 Exception <a 'java/lang/ArrayIndexOutOfBoundsException'> (0x000000076c41ff00) thrown at [C:\jenkins\workspace\8-2-build-windows-amd64-cygwin\jdk8u271\605\hotspot\src\share\vm\runtime\sharedRuntime.cpp, line 609]
Event: 16.041 Thread 0x000001df9c636800 Exception <a 'java/lang/ArrayIndexOutOfBoundsException'> (0x000000076c4219d8) thrown at [C:\jenkins\workspace\8-2-build-windows-amd64-cygwin\jdk8u271\605\hotspot\src\share\vm\runtime\sharedRuntime.cpp, line 609]
Event: 16.041 Thread 0x000001df9c636800 Exception <a 'java/lang/ArrayIndexOutOfBoundsException'> (0x000000076c422a10) thrown at [C:\jenkins\workspace\8-2-build-windows-amd64-cygwin\jdk8u271\605\hotspot\src\share\vm\runtime\sharedRuntime.cpp, line 609]
Event: 16.042 Thread 0x000001df9c636800 Exception <a 'java/lang/ArrayIndexOutOfBoundsException'> (0x000000076c423e48) thrown at [C:\jenkins\workspace\8-2-build-windows-amd64-cygwin\jdk8u271\605\hotspot\src\share\vm\runtime\sharedRuntime.cpp, line 609]
Event: 16.042 Thread 0x000001df9c636800 Exception <a 'java/lang/ArrayIndexOutOfBoundsException'> (0x000000076c425d38) thrown at [C:\jenkins\workspace\8-2-build-windows-amd64-cygwin\jdk8u271\605\hotspot\src\share\vm\runtime\sharedRuntime.cpp, line 609]
Event: 16.042 Thread 0x000001df9c636800 Exception <a 'java/lang/ArrayIndexOutOfBoundsException'> (0x000000076c427e38) thrown at [C:\jenkins\workspace\8-2-build-windows-amd64-cygwin\jdk8u271\605\hotspot\src\share\vm\runtime\sharedRuntime.cpp, line 609]
Event: 16.042 Thread 0x000001df9c636800 Exception <a 'java/lang/ArrayIndexOutOfBoundsException'> (0x000000076c429900) thrown at [C:\jenkins\workspace\8-2-build-windows-amd64-cygwin\jdk8u271\605\hotspot\src\share\vm\runtime\sharedRuntime.cpp, line 609]
Event: 16.043 Thread 0x000001df9c636800 Exception <a 'java/lang/ArrayIndexOutOfBoundsException': 40> (0x000000076c4377e0) thrown at [C:\jenkins\workspace\8-2-build-windows-amd64-cygwin\jdk8u271\605\hotspot\src\share\vm\interpreter\interpreterRuntime.cpp, line 371]
Event: 16.043 Thread 0x000001df9c636800 Exception <a 'java/lang/ArrayIndexOutOfBoundsException': 92> (0x000000076c438fb0) thrown at [C:\jenkins\workspace\8-2-build-windows-amd64-cygwin\jdk8u271\605\hotspot\src\share\vm\interpreter\interpreterRuntime.cpp, line 371]
Event: 19.798 Thread 0x000001df9c557000 Implicit null exception at 0x000001df81caddd0 to 0x000001df81cade2d

Events (10 events):
Event: 67.988 loading class java/util/AnchorPane done
Event: 67.988 loading class javafx/scene/AnchorPane
Event: 67.988 loading class javafx/scene/AnchorPane done
Event: 67.989 loading class javafx/scene/control/AnchorPane
Event: 67.989 loading class javafx/scene/control/AnchorPane done
Event: 68.132 Executing VM operation: RevokeBias
Event: 68.132 Executing VM operation: RevokeBias done
Event: 68.154 Thread 0x000001df9c636800 Uncommon trap: trap_request=0xffffffde fr.pc=0x000001df81a06214
Event: 68.154 Thread 0x000001df9c636800 DEOPT PACKING pc=0x000001df81a06214 sp=0x0000009f65df88a0
Event: 68.154 Thread 0x000001df9c636800 DEOPT UNPACKING pc=0x000001df81455843 sp=0x0000009f65df8880 mode 2


Dynamic libraries:
0x00007ff782870000 - 0x00007ff7828b7000 	C:\Program Files\Java\jdk1.8.0_271\bin\java.exe
0x00007ff855cf0000 - 0x00007ff855ee5000 	C:\Windows\SYSTEM32\ntdll.dll
0x00007ff853f60000 - 0x00007ff85401e000 	C:\Windows\System32\KERNEL32.DLL
0x00007ff853500000 - 0x00007ff8537c8000 	C:\Windows\System32\KERNELBASE.dll
0x00007ff854c60000 - 0x00007ff854d0c000 	C:\Windows\System32\ADVAPI32.dll
0x00007ff854020000 - 0x00007ff8540be000 	C:\Windows\System32\msvcrt.dll
0x00007ff855490000 - 0x00007ff85552b000 	C:\Windows\System32\sechost.dll
0x00007ff8552f0000 - 0x00007ff85541a000 	C:\Windows\System32\RPCRT4.dll
0x00007ff854e40000 - 0x00007ff854fe1000 	C:\Windows\System32\USER32.dll
0x00007ff853a30000 - 0x00007ff853a52000 	C:\Windows\System32\win32u.dll
0x00007ff855c80000 - 0x00007ff855cab000 	C:\Windows\System32\GDI32.dll
0x00007ff853ac0000 - 0x00007ff853bcd000 	C:\Windows\System32\gdi32full.dll
0x00007ff853820000 - 0x00007ff8538bd000 	C:\Windows\System32\msvcp_win.dll
0x00007ff853400000 - 0x00007ff853500000 	C:\Windows\System32\ucrtbase.dll
0x00007ff842680000 - 0x00007ff84291a000 	C:\Windows\WinSxS\amd64_microsoft.windows.common-controls_6595b64144ccf1df_6.0.19041.1110_none_60b5254171f9507e\COMCTL32.dll
0x00007ff8550c0000 - 0x00007ff8550f0000 	C:\Windows\System32\IMM32.DLL
0x00007ff84cf00000 - 0x00007ff84cf15000 	C:\Program Files\Java\jdk1.8.0_271\jre\bin\vcruntime140.dll
0x00007ff84ce00000 - 0x00007ff84ce9b000 	C:\Program Files\Java\jdk1.8.0_271\jre\bin\msvcp140.dll
0x0000000050200000 - 0x0000000050a6f000 	C:\Program Files\Java\jdk1.8.0_271\jre\bin\server\jvm.dll
0x00007ff855180000 - 0x00007ff855188000 	C:\Windows\System32\PSAPI.DLL
0x00007ff8444d0000 - 0x00007ff8444d9000 	C:\Windows\SYSTEM32\WSOCK32.dll
0x00007ff843af0000 - 0x00007ff843b17000 	C:\Windows\SYSTEM32\WINMM.dll
0x00007ff854ff0000 - 0x00007ff85505b000 	C:\Windows\System32\WS2_32.dll
0x00007ff84c240000 - 0x00007ff84c24a000 	C:\Windows\SYSTEM32\VERSION.dll
0x00007ff851c80000 - 0x00007ff851c92000 	C:\Windows\SYSTEM32\kernel.appcore.dll
0x00007ff84e3d0000 - 0x00007ff84e3e0000 	C:\Program Files\Java\jdk1.8.0_271\jre\bin\verify.dll
0x00007ff84b950000 - 0x00007ff84b97b000 	C:\Program Files\Java\jdk1.8.0_271\jre\bin\java.dll
0x00007ff846e80000 - 0x00007ff846eb0000 	C:\Program Files\Java\jdk1.8.0_271\jre\bin\instrument.dll
0x00007ff84b930000 - 0x00007ff84b948000 	C:\Program Files\Java\jdk1.8.0_271\jre\bin\zip.dll
0x00007ff855530000 - 0x00007ff855c74000 	C:\Windows\System32\SHELL32.dll
0x00007ff8514d0000 - 0x00007ff851c64000 	C:\Windows\SYSTEM32\windows.storage.dll
0x00007ff854900000 - 0x00007ff854c55000 	C:\Windows\System32\combase.dll
0x00007ff852d80000 - 0x00007ff852dae000 	C:\Windows\SYSTEM32\Wldp.dll
0x00007ff854850000 - 0x00007ff8548fd000 	C:\Windows\System32\SHCORE.dll
0x00007ff855430000 - 0x00007ff855485000 	C:\Windows\System32\shlwapi.dll
0x00007ff853340000 - 0x00007ff85335f000 	C:\Windows\SYSTEM32\profapi.dll
0x00007ff847190000 - 0x00007ff8471aa000 	D:\IntelliJ IDEA 2020.3.1\bin\breakgen64.dll
0x00007ff84b8c0000 - 0x00007ff84b8dc000 	C:\Program Files\Java\jdk1.8.0_271\jre\bin\net.dll
0x00007ff852ae0000 - 0x00007ff852b4a000 	C:\Windows\system32\mswsock.dll
0x000001df9cd00000 - 0x000001df9cd03000 	C:\Program Files\Java\jdk1.8.0_271\jre\bin\api-ms-win-core-console-l1-1-0.dll
0x000001df9cd10000 - 0x000001df9cd13000 	C:\Program Files\Java\jdk1.8.0_271\jre\bin\api-ms-win-core-console-l1-2-0.dll
0x000001df9cd20000 - 0x000001df9cd23000 	C:\Program Files\Java\jdk1.8.0_271\jre\bin\api-ms-win-core-datetime-l1-1-0.dll
0x000001df9cd30000 - 0x000001df9cd33000 	C:\Program Files\Java\jdk1.8.0_271\jre\bin\api-ms-win-core-debug-l1-1-0.dll
0x000001df9cd40000 - 0x000001df9cd43000 	C:\Program Files\Java\jdk1.8.0_271\jre\bin\api-ms-win-core-errorhandling-l1-1-0.dll
0x000001df9cd50000 - 0x000001df9cd54000 	C:\Program Files\Java\jdk1.8.0_271\jre\bin\api-ms-win-core-file-l1-1-0.dll
0x000001df9cd60000 - 0x000001df9cd63000 	C:\Program Files\Java\jdk1.8.0_271\jre\bin\api-ms-win-core-file-l1-2-0.dll
0x000001df9cd70000 - 0x000001df9cd73000 	C:\Program Files\Java\jdk1.8.0_271\jre\bin\api-ms-win-core-file-l2-1-0.dll
0x000001df9cd80000 - 0x000001df9cd83000 	C:\Program Files\Java\jdk1.8.0_271\jre\bin\api-ms-win-core-handle-l1-1-0.dll
0x000001df9cd90000 - 0x000001df9cd93000 	C:\Program Files\Java\jdk1.8.0_271\jre\bin\api-ms-win-core-heap-l1-1-0.dll
0x000001df9cda0000 - 0x000001df9cda3000 	C:\Program Files\Java\jdk1.8.0_271\jre\bin\api-ms-win-core-interlocked-l1-1-0.dll
0x000001df9cdb0000 - 0x000001df9cdb3000 	C:\Program Files\Java\jdk1.8.0_271\jre\bin\api-ms-win-core-libraryloader-l1-1-0.dll
0x000001df9cdc0000 - 0x000001df9cdc3000 	C:\Program Files\Java\jdk1.8.0_271\jre\bin\api-ms-win-core-localization-l1-2-0.dll
0x000001df9cdd0000 - 0x000001df9cdd3000 	C:\Program Files\Java\jdk1.8.0_271\jre\bin\api-ms-win-core-memory-l1-1-0.dll
0x000001df9cde0000 - 0x000001df9cde3000 	C:\Program Files\Java\jdk1.8.0_271\jre\bin\api-ms-win-core-namedpipe-l1-1-0.dll
0x000001df9cdf0000 - 0x000001df9cdf3000 	C:\Program Files\Java\jdk1.8.0_271\jre\bin\api-ms-win-core-processenvironment-l1-1-0.dll
0x000001df9ce00000 - 0x000001df9ce03000 	C:\Program Files\Java\jdk1.8.0_271\jre\bin\api-ms-win-core-processthreads-l1-1-0.dll
0x000001df9ce10000 - 0x000001df9ce13000 	C:\Program Files\Java\jdk1.8.0_271\jre\bin\api-ms-win-core-processthreads-l1-1-1.dll
0x000001df9ce20000 - 0x000001df9ce23000 	C:\Program Files\Java\jdk1.8.0_271\jre\bin\api-ms-win-core-profile-l1-1-0.dll
0x000001df9ce30000 - 0x000001df9ce33000 	C:\Program Files\Java\jdk1.8.0_271\jre\bin\api-ms-win-core-rtlsupport-l1-1-0.dll
0x000001df9ce40000 - 0x000001df9ce43000 	C:\Program Files\Java\jdk1.8.0_271\jre\bin\api-ms-win-core-string-l1-1-0.dll
0x000001df9ce50000 - 0x000001df9ce53000 	C:\Program Files\Java\jdk1.8.0_271\jre\bin\api-ms-win-core-synch-l1-1-0.dll
0x000001df9ce60000 - 0x000001df9ce63000 	C:\Program Files\Java\jdk1.8.0_271\jre\bin\api-ms-win-core-synch-l1-2-0.dll
0x000001df9ce70000 - 0x000001df9ce73000 	C:\Program Files\Java\jdk1.8.0_271\jre\bin\api-ms-win-core-sysinfo-l1-1-0.dll
0x000001df9ce80000 - 0x000001df9ce83000 	C:\Program Files\Java\jdk1.8.0_271\jre\bin\api-ms-win-core-timezone-l1-1-0.dll
0x000001df9ce90000 - 0x000001df9ce93000 	C:\Program Files\Java\jdk1.8.0_271\jre\bin\api-ms-win-core-util-l1-1-0.dll
0x000001df9cea0000 - 0x000001df9cea3000 	C:\Program Files\Java\jdk1.8.0_271\jre\bin\api-ms-win-crt-conio-l1-1-0.dll
0x000001df9ceb0000 - 0x000001df9ceb4000 	C:\Program Files\Java\jdk1.8.0_271\jre\bin\api-ms-win-crt-convert-l1-1-0.dll
0x000001df9cec0000 - 0x000001df9cec3000 	C:\Program Files\Java\jdk1.8.0_271\jre\bin\api-ms-win-crt-environment-l1-1-0.dll
0x000001df9ced0000 - 0x000001df9ced3000 	C:\Program Files\Java\jdk1.8.0_271\jre\bin\api-ms-win-crt-filesystem-l1-1-0.dll
0x000001df9cee0000 - 0x000001df9cee3000 	C:\Program Files\Java\jdk1.8.0_271\jre\bin\api-ms-win-crt-heap-l1-1-0.dll
0x000001df9cef0000 - 0x000001df9cef3000 	C:\Program Files\Java\jdk1.8.0_271\jre\bin\api-ms-win-crt-locale-l1-1-0.dll
0x000001df9cf00000 - 0x000001df9cf05000 	C:\Program Files\Java\jdk1.8.0_271\jre\bin\api-ms-win-crt-math-l1-1-0.dll
0x000001df9cf10000 - 0x000001df9cf15000 	C:\Program Files\Java\jdk1.8.0_271\jre\bin\api-ms-win-crt-multibyte-l1-1-0.dll
0x000001df9cf20000 - 0x000001df9cf30000 	C:\Program Files\Java\jdk1.8.0_271\jre\bin\api-ms-win-crt-private-l1-1-0.dll
0x000001df9cf30000 - 0x000001df9cf33000 	C:\Program Files\Java\jdk1.8.0_271\jre\bin\api-ms-win-crt-process-l1-1-0.dll
0x000001df9cf40000 - 0x000001df9cf44000 	C:\Program Files\Java\jdk1.8.0_271\jre\bin\api-ms-win-crt-runtime-l1-1-0.dll
0x000001df9cf50000 - 0x000001df9cf54000 	C:\Program Files\Java\jdk1.8.0_271\jre\bin\api-ms-win-crt-stdio-l1-1-0.dll
0x000001df9cf60000 - 0x000001df9cf64000 	C:\Program Files\Java\jdk1.8.0_271\jre\bin\api-ms-win-crt-string-l1-1-0.dll
0x000001df9cf70000 - 0x000001df9cf73000 	C:\Program Files\Java\jdk1.8.0_271\jre\bin\api-ms-win-crt-time-l1-1-0.dll
0x000001df9cf80000 - 0x000001df9cf83000 	C:\Program Files\Java\jdk1.8.0_271\jre\bin\api-ms-win-crt-utility-l1-1-0.dll
0x00007ff819040000 - 0x00007ff81913a000 	C:\Program Files\Java\jdk1.8.0_271\jre\bin\ucrtbase.dll
0x00007ff843790000 - 0x00007ff84379c000 	C:\Windows\System32\vcruntime140_1.dll
0x00007ff845620000 - 0x00007ff845643000 	C:\Program Files\Java\jdk1.8.0_271\jre\bin\prism_d3d.dll
0x00007ff82b950000 - 0x00007ff82bb20000 	C:\Windows\system32\d3d9.dll
0x00007ff850e30000 - 0x00007ff850e5f000 	C:\Windows\SYSTEM32\dwmapi.dll
0x00007ff850a60000 - 0x00007ff850afe000 	C:\Windows\system32\uxtheme.dll
0x00007fffd2ac0000 - 0x00007fffd2c24000 	C:\Windows\System32\DriverStore\FileRepository\iigd_dch.inf_amd64_044fd6f0c2ae28a8\igdumdim64.dll
0x00007ff854d10000 - 0x00007ff854e3a000 	C:\Windows\System32\ole32.dll
0x00007fffae370000 - 0x00007fffb2c9c000 	C:\Windows\System32\DriverStore\FileRepository\iigd_dch.inf_amd64_044fd6f0c2ae28a8\igd9dxva64.dll
0x00007ff8540c0000 - 0x00007ff85418d000 	C:\Windows\System32\OLEAUT32.dll
0x00007ff8541f0000 - 0x00007ff854662000 	C:\Windows\System32\SETUPAPI.dll
0x00007ff8537d0000 - 0x00007ff85381e000 	C:\Windows\System32\cfgmgr32.dll
0x00007ff8538c0000 - 0x00007ff8538e7000 	C:\Windows\System32\bcrypt.dll
0x00007ff830ce0000 - 0x00007ff830fa4000 	C:\Windows\System32\DriverStore\FileRepository\iigd_dch.inf_amd64_044fd6f0c2ae28a8\igdgmm64.dll
0x00007ff8199f0000 - 0x00007ff819a35000 	C:\Program Files\Java\jdk1.8.0_271\jre\bin\glass.dll
0x00007ff855190000 - 0x00007ff85526a000 	C:\Windows\System32\COMDLG32.dll
0x00007ff853d90000 - 0x00007ff853ea5000 	C:\Windows\System32\MSCTF.dll
0x00007ff8539a0000 - 0x00007ff853a22000 	C:\Windows\System32\bcryptPrimitives.dll
0x00007ff82bf70000 - 0x00007ff82bf97000 	C:\Windows\System32\DriverStore\FileRepository\iigd_dch.inf_amd64_044fd6f0c2ae28a8\igdinfo64.dll
0x00007ff82dcb0000 - 0x00007ff830844000 	C:\Windows\System32\DriverStore\FileRepository\iigd_dch.inf_amd64_044fd6f0c2ae28a8\igc64.dll
0x00007ff835730000 - 0x00007ff83576b000 	C:\Windows\SYSTEM32\dxcore.dll
0x00007ff846e60000 - 0x00007ff846e74000 	C:\Program Files\Java\jdk1.8.0_271\jre\bin\javafx_font.dll
0x00007ff830fb0000 - 0x00007ff831233000 	C:\Windows\SYSTEM32\dwrite.dll
0x00007ff853eb0000 - 0x00007ff853f59000 	C:\Windows\System32\clbcatq.dll
0x00007ff835d10000 - 0x00007ff835ec4000 	C:\Windows\SYSTEM32\WindowsCodecs.dll
0x00007ff81fdf0000 - 0x00007ff81fe2e000 	C:\Windows\system32\dataexchange.dll
0x00007ff84ef70000 - 0x00007ff84f1d4000 	C:\Windows\system32\d3d11.dll
0x00007ff84fd90000 - 0x00007ff84ff75000 	C:\Windows\system32\dcomp.dll
0x00007ff851cf0000 - 0x00007ff851de4000 	C:\Windows\system32\dxgi.dll
0x00007ff84ad90000 - 0x00007ff84af91000 	C:\Windows\system32\twinapi.appcore.dll
0x00007ff81cd00000 - 0x00007ff81cd34000 	C:\Program Files\Common Files\Microsoft Shared\Ink\rtscom.dll
0x00007ff8389c0000 - 0x00007ff838ab9000 	C:\Windows\SYSTEM32\textinputframework.dll
0x00007ff8506b0000 - 0x00007ff8507a2000 	C:\Windows\System32\CoreMessaging.dll
0x00007ff850350000 - 0x00007ff8506ae000 	C:\Windows\System32\CoreUIComponents.dll
0x00007ff852130000 - 0x00007ff852163000 	C:\Windows\SYSTEM32\ntmarta.dll
0x00007ff84fc30000 - 0x00007ff84fd84000 	C:\Windows\SYSTEM32\wintypes.dll
0x00007ff846e10000 - 0x00007ff846e22000 	C:\Program Files\Java\jdk1.8.0_271\jre\bin\prism_common.dll
0x00007ff84f670000 - 0x00007ff84fc30000 	C:\Windows\SYSTEM32\d2d1.dll
0x00007ff832660000 - 0x00007ff832d56000 	C:\Windows\SYSTEM32\D3D10Warp.dll
0x00007ff833ab0000 - 0x00007ff833b5c000 	C:\Windows\SYSTEM32\TextShaping.dll
0x00007ff852810000 - 0x00007ff8528db000 	C:\Windows\SYSTEM32\DNSAPI.dll
0x00007ff8527d0000 - 0x00007ff85280b000 	C:\Windows\SYSTEM32\IPHLPAPI.DLL
0x00007ff854840000 - 0x00007ff854848000 	C:\Windows\System32\NSI.dll
0x00007ff8494c0000 - 0x00007ff8494ca000 	C:\Windows\System32\rasadhlp.dll
0x00007ff8493e0000 - 0x00007ff84945f000 	C:\Windows\System32\fwpuclnt.dll
0x00007ff8511e0000 - 0x00007ff8513c4000 	C:\Windows\SYSTEM32\dbghelp.dll

VM Arguments:
jvm_args: -javaagent:D:\IntelliJ IDEA 2020.3.1\lib\idea_rt.jar=60032:D:\IntelliJ IDEA 2020.3.1\bin -Dfile.encoding=UTF-8 
java_command: app.ClientApplication
java_class_path (initial): C:\Program Files\Java\jdk1.8.0_271\jre\lib\charsets.jar;C:\Program Files\Java\jdk1.8.0_271\jre\lib\deploy.jar;C:\Program Files\Java\jdk1.8.0_271\jre\lib\ext\access-bridge-64.jar;C:\Program Files\Java\jdk1.8.0_271\jre\lib\ext\cldrdata.jar;C:\Program Files\Java\jdk1.8.0_271\jre\lib\ext\dnsns.jar;C:\Program Files\Java\jdk1.8.0_271\jre\lib\ext\jaccess.jar;C:\Program Files\Java\jdk1.8.0_271\jre\lib\ext\jfxrt.jar;C:\Program Files\Java\jdk1.8.0_271\jre\lib\ext\localedata.jar;C:\Program Files\Java\jdk1.8.0_271\jre\lib\ext\nashorn.jar;C:\Program Files\Java\jdk1.8.0_271\jre\lib\ext\sunec.jar;C:\Program Files\Java\jdk1.8.0_271\jre\lib\ext\sunjce_provider.jar;C:\Program Files\Java\jdk1.8.0_271\jre\lib\ext\sunmscapi.jar;C:\Program Files\Java\jdk1.8.0_271\jre\lib\ext\sunpkcs11.jar;C:\Program Files\Java\jdk1.8.0_271\jre\lib\ext\zipfs.jar;C:\Program Files\Java\jdk1.8.0_271\jre\lib\javaws.jar;C:\Program Files\Java\jdk1.8.0_271\jre\lib\jce.jar;C:\Program Files\Java\jdk1.8.0_271\jre\lib\jfr.jar;C:\Program Files\Java\jdk1.8.0_271\jre\lib\jfxswt.jar;C:\Program Files\Java\jdk1.8.0_271\jre\lib\jsse.jar;C:\Program Files\Java\jdk1.8.0_271\jre\lib\management-agent.jar;C:\Program Files\Java\jdk1.8.0_271\jre\lib\plugin.jar;C:\Program Files\Java\jdk1.8.0_271\jre\lib\resources.jar;C:\Program Files\Java\jdk1.8.0_271\jre\lib\rt.jar;C:\Users\Админ\IdeaProjects\JavaSamat\Bombers\target\classes;C:\Users\Админ\.m2\repository\org\openjfx\javafx-controls\11.0.2\javafx-controls-11.0.2.jar;C:\Users\Админ\.m2\repository\org\openjfx\javafx-controls\11.0.2\javafx-controls-11.0.2-win.jar;C:\Users\Админ\.m2\repository\org\openjfx\javafx-graphics\11.0.2\javafx-graphics-11.0.2.jar;C:\Users\Админ\.m2\repository\org\openjfx\javafx-graphics\11.0.2\javafx-graphics-11.0.2-win.jar;C:\Users\Админ\.m2\repository\org\openjfx\javafx-base\11.0.2\javafx-base-11.0.2.jar;C:\Users\Админ\.m2\repository\org\openjfx\javafx-base\11.0.2\javafx-base-11.0.2-win.jar;C:\Users\Админ\.m2\repository\org\openjf
Launcher Type: SUN_STANDARD

Environment Variables:
PATH=C:\Program Files (x86)\Common Files\Oracle\Java\javapath;C:\Windows\system32;C:\Windows;C:\Windows\System32\Wbem;C:\Windows\System32\WindowsPowerShell\v1.0\;C:\Windows\System32\OpenSSH\;C:\Program Files\Git\cmd;C:\Users\Админ\AppData\Local\Programs\Python\Python39\Scripts\;C:\Users\Админ\AppData\Local\Programs\Python\Python39\;C:\Users\Админ\AppData\Local\Microsoft\WindowsApps;C:\Program Files\Java\jdk1.8.0_271\bin;C:\Users\Админ\AppData\Local\Programs\Microsoft VS Code\bin;D:\Min\mingw64\bin;C:\Program Files\JetBrains\PyCharm 2021.1.3\bin;;
USERNAME=Admin
OS=Windows_NT
PROCESSOR_IDENTIFIER=Intel64 Family 6 Model 165 Stepping 2, GenuineIntel



---------------  S Y S T E M  ---------------

OS: Windows 10.0 , 64 bit Build 19041 (10.0.19041.1348)

CPU:total 12 (initial active 12) (6 cores per cpu, 2 threads per core) family 6 model 165 stepping 2, cmov, cx8, fxsr, mmx, sse, sse2, sse3, ssse3, sse4.1, sse4.2, popcnt, avx, avx2, aes, clmul, erms, 3dnowpref, lzcnt, ht, tsc, tscinvbit, bmi1, bmi2, adx

Memory: 4k page, physical 16609124k(1547284k free), swap 53334808k(7353128k free)

vm_info: Java HotSpot(TM) 64-Bit Server VM (25.271-b09) for windows-amd64 JRE (1.8.0_271-b09), built on Sep 16 2020 19:14:59 by "" with MS VC++ 15.9 (VS2017)

time: Wed Dec 22 11:28:39 2021
timezone: RTZ 2 (зима)
elapsed time: 68.277410 seconds (0d 0h 1m 8s)

